<html>
<head>
<title>TestNG:  Test</title>
<link href="../testng.css" rel="stylesheet" type="text/css" />
<link href="../my-testng.css" rel="stylesheet" type="text/css" />

<style type="text/css">
.log { display: none;} 
.stack-trace { display: none;} 
</style>
<script type="text/javascript">
<!--
function flip(e) {
  current = e.style.display;
  if (current == 'block') {
    e.style.display = 'none';
    return 0;
  }
  else {
    e.style.display = 'block';
    return 1;
  }
}

function toggleBox(szDivId, elem, msg1, msg2)
{
  var res = -1;  if (document.getElementById) {
    res = flip(document.getElementById(szDivId));
  }
  else if (document.all) {
    // this is the way old msie versions work
    res = flip(document.all[szDivId]);
  }
  if(elem) {
    if(res == 0) elem.innerHTML = msg1; else elem.innerHTML = msg2;
  }

}

function toggleAllBoxes() {
  if (document.getElementsByTagName) {
    d = document.getElementsByTagName('div');
    for (i = 0; i < d.length; i++) {
      if (d[i].className == 'log') {
        flip(d[i]);
      }
    }
  }
}

// -->
</script>

</head>
<body>
<h2 align='center'>Test</h2><table border='1' align="center">
<tr>
<td>Tests passed/Failed/Skipped:</td><td>9/1/0</td>
</tr><tr>
<td>Started on:</td><td>Sun Nov 10 06:35:38 IST 2024</td>
</tr>
<tr><td>Total time:</td><td>225 seconds (225246 ms)</td>
</tr><tr>
<td>Included groups:</td><td></td>
</tr><tr>
<td>Excluded groups:</td><td></td>
</tr>
</table><p/>
<small><i>(Hover the method name to see the test class name)</i></small><p/>
<table width='100%' border='1' class='invocation-failed'>
<tr><td colspan='4' align='center'><b>FAILED TESTS</b></td></tr>
<tr><td><b>Test method</b></td>
<td width="30%"><b>Exception</b></td>
<td width="10%"><b>Time (seconds)</b></td>
<td><b>Instance</b></td>
</tr>
<tr>
<td title='Temp_pack.BHASKAR_LOGIN2.User02_email02_20hits()'><b>User02_email02_20hits</b><br>Test class: Temp_pack.BHASKAR_LOGIN2</td>
<td><div><pre>org.openqa.selenium.TimeoutException: Expected condition failed: waiting for visibility of element located by By.xpath: //h4[normalize-space()=&apos;IN-1124-9095JB&apos;] (tried for 10 second(s) with 500 milliseconds interval)
Build info: version: &apos;4.25.0&apos;, revision: &apos;8a8aea2337&apos;
System info: os.name: &apos;Windows 11&apos;, os.arch: &apos;amd64&apos;, os.version: &apos;10.0&apos;, java.version: &apos;23&apos;
Driver info: org.openqa.selenium.chrome.ChromeDriver
Capabilities {acceptInsecureCerts: false, browserName: chrome, browserVersion: 130.0.6723.117, chrome: {chromedriverVersion: 130.0.6723.116 (6ac35f94ae3..., userDataDir: C:\Users\somes\AppData\Loca...}, fedcm:accounts: true, goog:chromeOptions: {debuggerAddress: localhost:62012}, networkConnectionEnabled: false, pageLoadStrategy: normal, platformName: windows, proxy: Proxy(), se:cdp: ws://localhost:62012/devtoo..., se:cdpVersion: 130.0.6723.117, setWindowRect: true, strictFileInteractability: false, timeouts: {implicit: 0, pageLoad: 300000, script: 30000}, unhandledPromptBehavior: dismiss and notify, webauthn:extension:credBlob: true, webauthn:extension:largeBlob: true, webauthn:extension:minPinLength: true, webauthn:extension:prf: true, webauthn:virtualAuthenticators: true}
Session ID: 32d88d2a2b75c811ac15a539c37ce890
	at org.openqa.selenium.support.ui.WebDriverWait.timeoutException(WebDriverWait.java:84)
	at org.openqa.selenium.support.ui.FluentWait.until(FluentWait.java:228)
	at Temp_pack.BHASKAR_LOGIN2.User02_email02_20hits(BHASKAR_LOGIN2.java:32)
	at java.base/java.util.concurrent.ThreadPoolExecutor.runWorker(ThreadPoolExecutor.java:1144)
	at java.base/java.util.concurrent.ThreadPoolExecutor$Worker.run(ThreadPoolExecutor.java:642)
	at java.base/java.lang.Thread.run(Thread.java:1575)
... Removed 10 stack frames</pre></div><a href='#' onClick='toggleBox("stack-trace1526240424", this, "Click to show all stack frames", "Click to hide stack frames")'>Click to show all stack frames</a>
<div class='stack-trace' id='stack-trace1526240424'><pre>org.openqa.selenium.TimeoutException: Expected condition failed: waiting for visibility of element located by By.xpath: //h4[normalize-space()=&apos;IN-1124-9095JB&apos;] (tried for 10 second(s) with 500 milliseconds interval)
Build info: version: &apos;4.25.0&apos;, revision: &apos;8a8aea2337&apos;
System info: os.name: &apos;Windows 11&apos;, os.arch: &apos;amd64&apos;, os.version: &apos;10.0&apos;, java.version: &apos;23&apos;
Driver info: org.openqa.selenium.chrome.ChromeDriver
Capabilities {acceptInsecureCerts: false, browserName: chrome, browserVersion: 130.0.6723.117, chrome: {chromedriverVersion: 130.0.6723.116 (6ac35f94ae3..., userDataDir: C:\Users\somes\AppData\Loca...}, fedcm:accounts: true, goog:chromeOptions: {debuggerAddress: localhost:62012}, networkConnectionEnabled: false, pageLoadStrategy: normal, platformName: windows, proxy: Proxy(), se:cdp: ws://localhost:62012/devtoo..., se:cdpVersion: 130.0.6723.117, setWindowRect: true, strictFileInteractability: false, timeouts: {implicit: 0, pageLoad: 300000, script: 30000}, unhandledPromptBehavior: dismiss and notify, webauthn:extension:credBlob: true, webauthn:extension:largeBlob: true, webauthn:extension:minPinLength: true, webauthn:extension:prf: true, webauthn:virtualAuthenticators: true}
Session ID: 32d88d2a2b75c811ac15a539c37ce890
	at org.openqa.selenium.support.ui.WebDriverWait.timeoutException(WebDriverWait.java:84)
	at org.openqa.selenium.support.ui.FluentWait.until(FluentWait.java:228)
	at Temp_pack.BHASKAR_LOGIN2.User02_email02_20hits(BHASKAR_LOGIN2.java:32)
	at java.base/jdk.internal.reflect.DirectMethodHandleAccessor.invoke(DirectMethodHandleAccessor.java:103)
	at java.base/java.lang.reflect.Method.invoke(Method.java:580)
	at org.testng.internal.MethodInvocationHelper.invokeMethod(MethodInvocationHelper.java:133)
	at org.testng.internal.TestInvoker.invokeMethod(TestInvoker.java:598)
	at org.testng.internal.TestInvoker.invokeTestMethod(TestInvoker.java:173)
	at org.testng.internal.MethodRunner.runInSequence(MethodRunner.java:46)
	at org.testng.internal.TestInvoker$MethodInvocationAgent.invoke(TestInvoker.java:824)
	at org.testng.internal.TestInvoker.invokeTestMethods(TestInvoker.java:146)
	at org.testng.internal.TestMethodWorker.invokeTestMethods(TestMethodWorker.java:146)
	at org.testng.internal.TestMethodWorker.run(TestMethodWorker.java:128)
	at java.base/java.util.concurrent.ThreadPoolExecutor.runWorker(ThreadPoolExecutor.java:1144)
	at java.base/java.util.concurrent.ThreadPoolExecutor$Worker.run(ThreadPoolExecutor.java:642)
	at java.base/java.lang.Thread.run(Thread.java:1575)
</pre></div></td>
<td>115</td>
<td>Temp_pack.BHASKAR_LOGIN2@49e53c76</td></tr>
</table><p>
<table width='100%' border='1' class='invocation-passed'>
<tr><td colspan='4' align='center'><b>PASSED TESTS</b></td></tr>
<tr><td><b>Test method</b></td>
<td width="30%"><b>Exception</b></td>
<td width="10%"><b>Time (seconds)</b></td>
<td><b>Instance</b></td>
</tr>
<tr>
<td title='Temp_pack.BHASKAR_LOGIN3.User03_email03_20hits()'><b>User03_email03_20hits</b><br>Test class: Temp_pack.BHASKAR_LOGIN3</td>
<td></td>
<td>107</td>
<td>Temp_pack.BHASKAR_LOGIN3@351d00c0</td></tr>
<tr>
<td title='Temp_pack.BHASKAR_LOGIN2.User02_email02_20hits()'><b>User02_email02_20hits</b><br>Test class: Temp_pack.BHASKAR_LOGIN2</td>
<td></td>
<td>106</td>
<td>Temp_pack.BHASKAR_LOGIN2@49e53c76</td></tr>
<tr>
<td title='Temp_pack.BHASKAR_LOGIN4.User04_email04_20hits()'><b>User04_email04_20hits</b><br>Test class: Temp_pack.BHASKAR_LOGIN4</td>
<td></td>
<td>120</td>
<td>Temp_pack.BHASKAR_LOGIN4@2a3b5b47</td></tr>
<tr>
<td title='Temp_pack.BHASKAR_LOGIN3.User03_email03_20hits()'><b>User03_email03_20hits</b><br>Test class: Temp_pack.BHASKAR_LOGIN3</td>
<td></td>
<td>61</td>
<td>Temp_pack.BHASKAR_LOGIN3@351d00c0</td></tr>
<tr>
<td title='Temp_pack.BHASKAR_LOGIN.User01_email01_20hits()'><b>User01_email01_20hits</b><br>Test class: Temp_pack.BHASKAR_LOGIN</td>
<td></td>
<td>122</td>
<td>Temp_pack.BHASKAR_LOGIN@130d63be</td></tr>
<tr>
<td title='Temp_pack.BHASKAR_LOGIN.User01_email01_20hits()'><b>User01_email01_20hits</b><br>Test class: Temp_pack.BHASKAR_LOGIN</td>
<td></td>
<td>92</td>
<td>Temp_pack.BHASKAR_LOGIN@130d63be</td></tr>
<tr>
<td title='Temp_pack.BHASKAR_LOGIN5.User05_email05_20hits()'><b>User05_email05_20hits</b><br>Test class: Temp_pack.BHASKAR_LOGIN5</td>
<td></td>
<td>74</td>
<td>Temp_pack.BHASKAR_LOGIN5@55b699ef</td></tr>
<tr>
<td title='Temp_pack.BHASKAR_LOGIN5.User05_email05_20hits()'><b>User05_email05_20hits</b><br>Test class: Temp_pack.BHASKAR_LOGIN5</td>
<td></td>
<td>51</td>
<td>Temp_pack.BHASKAR_LOGIN5@55b699ef</td></tr>
<tr>
<td title='Temp_pack.BHASKAR_LOGIN4.User04_email04_20hits()'><b>User04_email04_20hits</b><br>Test class: Temp_pack.BHASKAR_LOGIN4</td>
<td></td>
<td>105</td>
<td>Temp_pack.BHASKAR_LOGIN4@2a3b5b47</td></tr>
</table><p>
</body>
</html>