<?xml version="1.0" encoding="UTF-8"?>
<!-- Generated by org.testng.reporters.JUnitXMLReporter -->
<testsuite ignored="0" hostname="MSI" failures="1" tests="10" name="Test" time="225.246" errors="0" timestamp="2024-11-10T06:39:24 IST">
  <testcase classname="Temp_pack.BHASKAR_LOGIN5" name="User05_email05_20hits" time="51.585"/>
  <testcase classname="Temp_pack.BHASKAR_LOGIN3" name="User03_email03_20hits" time="107.104"/>
  <testcase classname="Temp_pack.BHASKAR_LOGIN2" name="User02_email02_20hits" time="115.903">
    <failure type="org.openqa.selenium.TimeoutException" message="Expected condition failed: waiting for visibility of element located by By.xpath: //h4[normalize-space()=&amp;apos;IN-1124-9095JB&amp;apos;] (tried for 10 second(s) with 500 milliseconds interval)
Build info: version: &amp;apos;4.25.0&amp;apos;, revision: &amp;apos;8a8aea2337&amp;apos;
System info: os.name: &amp;apos;Windows 11&amp;apos;, os.arch: &amp;apos;amd64&amp;apos;, os.version: &amp;apos;10.0&amp;apos;, java.version: &amp;apos;23&amp;apos;
Driver info: org.openqa.selenium.chrome.ChromeDriver
Capabilities {acceptInsecureCerts: false, browserName: chrome, browserVersion: 130.0.6723.117, chrome: {chromedriverVersion: 130.0.6723.116 (6ac35f94ae3..., userDataDir: C:\Users\somes\AppData\Loca...}, fedcm:accounts: true, goog:chromeOptions: {debuggerAddress: localhost:62012}, networkConnectionEnabled: false, pageLoadStrategy: normal, platformName: windows, proxy: Proxy(), se:cdp: ws://localhost:62012/devtoo..., se:cdpVersion: 130.0.6723.117, setWindowRect: true, strictFileInteractability: false, timeouts: {implicit: 0, pageLoad: 300000, script: 30000}, unhandledPromptBehavior: dismiss and notify, webauthn:extension:credBlob: true, webauthn:extension:largeBlob: true, webauthn:extension:minPinLength: true, webauthn:extension:prf: true, webauthn:virtualAuthenticators: true}
Session ID: 32d88d2a2b75c811ac15a539c37ce890">
      <![CDATA[org.openqa.selenium.TimeoutException: Expected condition failed: waiting for visibility of element located by By.xpath: //h4[normalize-space()='IN-1124-9095JB'] (tried for 10 second(s) with 500 milliseconds interval)
Build info: version: '4.25.0', revision: '8a8aea2337'
System info: os.name: 'Windows 11', os.arch: 'amd64', os.version: '10.0', java.version: '23'
Driver info: org.openqa.selenium.chrome.ChromeDriver
Capabilities {acceptInsecureCerts: false, browserName: chrome, browserVersion: 130.0.6723.117, chrome: {chromedriverVersion: 130.0.6723.116 (6ac35f94ae3..., userDataDir: C:\Users\somes\AppData\Loca...}, fedcm:accounts: true, goog:chromeOptions: {debuggerAddress: localhost:62012}, networkConnectionEnabled: false, pageLoadStrategy: normal, platformName: windows, proxy: Proxy(), se:cdp: ws://localhost:62012/devtoo..., se:cdpVersion: 130.0.6723.117, setWindowRect: true, strictFileInteractability: false, timeouts: {implicit: 0, pageLoad: 300000, script: 30000}, unhandledPromptBehavior: dismiss and notify, webauthn:extension:credBlob: true, webauthn:extension:largeBlob: true, webauthn:extension:minPinLength: true, webauthn:extension:prf: true, webauthn:virtualAuthenticators: true}
Session ID: 32d88d2a2b75c811ac15a539c37ce890
at org.openqa.selenium.support.ui.WebDriverWait.timeoutException(WebDriverWait.java:84)
at org.openqa.selenium.support.ui.FluentWait.until(FluentWait.java:228)
at Temp_pack.BHASKAR_LOGIN2.User02_email02_20hits(BHASKAR_LOGIN2.java:32)
at java.base/java.util.concurrent.ThreadPoolExecutor.runWorker(ThreadPoolExecutor.java:1144)
at java.base/java.util.concurrent.ThreadPoolExecutor$Worker.run(ThreadPoolExecutor.java:642)
at java.base/java.lang.Thread.run(Thread.java:1575)
... Removed 10 stack frames]]>
    </failure>
  </testcase> <!-- User02_email02_20hits -->
  <testcase classname="Temp_pack.BHASKAR_LOGIN4" name="User04_email04_20hits" time="120.072"/>
  <testcase classname="Temp_pack.BHASKAR_LOGIN" name="User01_email01_20hits" time="122.536"/>
  <testcase classname="Temp_pack.BHASKAR_LOGIN5" name="User05_email05_20hits" time="74.485"/>
  <testcase classname="Temp_pack.BHASKAR_LOGIN3" name="User03_email03_20hits" time="61.133"/>
  <testcase classname="Temp_pack.BHASKAR_LOGIN" name="User01_email01_20hits" time="92.468"/>
  <testcase classname="Temp_pack.BHASKAR_LOGIN2" name="User02_email02_20hits" time="106.503"/>
  <testcase classname="Temp_pack.BHASKAR_LOGIN4" name="User04_email04_20hits" time="105.148"/>
</testsuite> <!-- Test -->
