<?xml version="1.0" encoding="UTF-8"?>
<!-- Generated by org.testng.reporters.JUnitXMLReporter -->
<testsuite ignored="14" hostname="SomeshPC" failures="8" tests="18" name="Default test(failed)(failed)" time="391.459" errors="0" timestamp="2024-12-22T22:22:12 IST">
  <testcase classname="Test_PACK.Registration" name="TC_RF_011Verify_Registering_Account_by_providing_invalid_phone_number_111" time="1.428">
    <failure type="java.lang.AssertionError" message="expected [https://tutorialsninja.com/demo/index.php?route=account/register] but found [https://tutorialsninja.com/demo/index.php?route=account/success]">
      <![CDATA[java.lang.AssertionError: expected [https://tutorialsninja.com/demo/index.php?route=account/register] but found [https://tutorialsninja.com/demo/index.php?route=account/success]
at Test_PACK.Registration.TC_RF_011Verify_Registering_Account_by_providing_invalid_phone_number_111(Registration.java:512)
at java.base/java.util.ArrayList.forEach(ArrayList.java:1597)
... Removed 31 stack frames]]>
    </failure>
  </testcase> <!-- TC_RF_011Verify_Registering_Account_by_providing_invalid_phone_number_111 -->
  <testcase classname="Test_PACK.Registration" name="TC_RF_015_Verify_details_that_are_provided_while_Registering_Account_are_stored_in_Database" time="10.878">
    <failure type="org.openqa.selenium.NoSuchElementException" message="Unable to locate element: #input\-newsletter
For documentation on this error, please visit: https://www.selenium.dev/documentation/webdriver/troubleshooting/errors#no-such-element-exception
Build info: version: &amp;apos;4.25.0&amp;apos;, revision: &amp;apos;8a8aea2337&amp;apos;
System info: os.name: &amp;apos;Windows 11&amp;apos;, os.arch: &amp;apos;amd64&amp;apos;, os.version: &amp;apos;10.0&amp;apos;, java.version: &amp;apos;23&amp;apos;
Driver info: org.openqa.selenium.firefox.FirefoxDriver
Command: [94f6e353-7bd2-4ac6-bb09-7a3711cddec5, findElement {value=input-newsletter, using=id}]
Capabilities {acceptInsecureCerts: true, browserName: firefox, browserVersion: 133.0.3, moz:accessibilityChecks: false, moz:buildID: 20241209150345, moz:debuggerAddress: 127.0.0.1:41278, moz:geckodriverVersion: 0.35.0, moz:headless: false, moz:platformVersion: 10.0, moz:processID: 10828, moz:profile: C:\Users\somes\AppData\Loca..., moz:shutdownTimeout: 60000, moz:webdriverClick: true, moz:windowless: false, pageLoadStrategy: normal, platformName: windows, proxy: Proxy(), se:cdp: ws://127.0.0.1:41278/devtoo..., se:cdpVersion: 85.0, setWindowRect: true, strictFileInteractability: false, timeouts: {implicit: 0, pageLoad: 300000, script: 30000}, unhandledPromptBehavior: dismiss and notify, userAgent: Mozilla/5.0 (Windows NT 10....}
Session ID: 94f6e353-7bd2-4ac6-bb09-7a3711cddec5">
      <![CDATA[org.openqa.selenium.NoSuchElementException: Unable to locate element: #input\-newsletter
For documentation on this error, please visit: https://www.selenium.dev/documentation/webdriver/troubleshooting/errors#no-such-element-exception
Build info: version: '4.25.0', revision: '8a8aea2337'
System info: os.name: 'Windows 11', os.arch: 'amd64', os.version: '10.0', java.version: '23'
Driver info: org.openqa.selenium.firefox.FirefoxDriver
Command: [94f6e353-7bd2-4ac6-bb09-7a3711cddec5, findElement {value=input-newsletter, using=id}]
Capabilities {acceptInsecureCerts: true, browserName: firefox, browserVersion: 133.0.3, moz:accessibilityChecks: false, moz:buildID: 20241209150345, moz:debuggerAddress: 127.0.0.1:41278, moz:geckodriverVersion: 0.35.0, moz:headless: false, moz:platformVersion: 10.0, moz:processID: 10828, moz:profile: C:\Users\somes\AppData\Loca..., moz:shutdownTimeout: 60000, moz:webdriverClick: true, moz:windowless: false, pageLoadStrategy: normal, platformName: windows, proxy: Proxy(), se:cdp: ws://127.0.0.1:41278/devtoo..., se:cdpVersion: 85.0, setWindowRect: true, strictFileInteractability: false, timeouts: {implicit: 0, pageLoad: 300000, script: 30000}, unhandledPromptBehavior: dismiss and notify, userAgent: Mozilla/5.0 (Windows NT 10....}
Session ID: 94f6e353-7bd2-4ac6-bb09-7a3711cddec5
at org.openqa.selenium.remote.ErrorCodec.decode(ErrorCodec.java:167)
at org.openqa.selenium.remote.codec.w3c.W3CHttpResponseCodec.decode(W3CHttpResponseCodec.java:138)
at org.openqa.selenium.remote.codec.w3c.W3CHttpResponseCodec.decode(W3CHttpResponseCodec.java:50)
at org.openqa.selenium.remote.HttpCommandExecutor.execute(HttpCommandExecutor.java:190)
at org.openqa.selenium.remote.service.DriverCommandExecutor.invokeExecute(DriverCommandExecutor.java:216)
at org.openqa.selenium.remote.service.DriverCommandExecutor.execute(DriverCommandExecutor.java:174)
at org.openqa.selenium.remote.RemoteWebDriver.execute(RemoteWebDriver.java:545)
at org.openqa.selenium.remote.ElementLocation$ElementFinder$2.findElement(ElementLocation.java:165)
at org.openqa.selenium.remote.ElementLocation.findElement(ElementLocation.java:59)
at org.openqa.selenium.remote.RemoteWebDriver.findElement(RemoteWebDriver.java:368)
at org.openqa.selenium.remote.RemoteWebDriver.findElement(RemoteWebDriver.java:362)
at Test_PACK.Registration.TC_RF_015_Verify_details_that_are_provided_while_Registering_Account_are_stored_in_Database(Registration.java:617)
at java.base/java.util.ArrayList.forEach(ArrayList.java:1597)
... Removed 28 stack frames]]>
    </failure>
  </testcase> <!-- TC_RF_015_Verify_details_that_are_provided_while_Registering_Account_are_stored_in_Database -->
  <testcase classname="Test_PACK.Registration" name="TC_RF_017_Verify_whether_the_Password_fields_in_the_Register_Account_page_are_following_Password_Complexity_Standards" time="11.462">
    <failure type="org.openqa.selenium.NoSuchElementException" message="Unable to locate element: //div[@class=&amp;apos;text-danger&amp;apos;]
For documentation on this error, please visit: https://www.selenium.dev/documentation/webdriver/troubleshooting/errors#no-such-element-exception
Build info: version: &amp;apos;4.25.0&amp;apos;, revision: &amp;apos;8a8aea2337&amp;apos;
System info: os.name: &amp;apos;Windows 11&amp;apos;, os.arch: &amp;apos;amd64&amp;apos;, os.version: &amp;apos;10.0&amp;apos;, java.version: &amp;apos;23&amp;apos;
Driver info: org.openqa.selenium.firefox.FirefoxDriver
Command: [dfe9804d-99bf-4a2f-a7b6-248558a6c32e, findElement {value=//div[@class=&amp;apos;text-danger&amp;apos;], using=xpath}]
Capabilities {acceptInsecureCerts: true, browserName: firefox, browserVersion: 133.0.3, moz:accessibilityChecks: false, moz:buildID: 20241209150345, moz:debuggerAddress: 127.0.0.1:35820, moz:geckodriverVersion: 0.35.0, moz:headless: false, moz:platformVersion: 10.0, moz:processID: 25700, moz:profile: C:\Users\somes\AppData\Loca..., moz:shutdownTimeout: 60000, moz:webdriverClick: true, moz:windowless: false, pageLoadStrategy: normal, platformName: windows, proxy: Proxy(), se:cdp: ws://127.0.0.1:35820/devtoo..., se:cdpVersion: 85.0, setWindowRect: true, strictFileInteractability: false, timeouts: {implicit: 0, pageLoad: 300000, script: 30000}, unhandledPromptBehavior: dismiss and notify, userAgent: Mozilla/5.0 (Windows NT 10....}
Session ID: dfe9804d-99bf-4a2f-a7b6-248558a6c32e">
      <![CDATA[org.openqa.selenium.NoSuchElementException: Unable to locate element: //div[@class='text-danger']
For documentation on this error, please visit: https://www.selenium.dev/documentation/webdriver/troubleshooting/errors#no-such-element-exception
Build info: version: '4.25.0', revision: '8a8aea2337'
System info: os.name: 'Windows 11', os.arch: 'amd64', os.version: '10.0', java.version: '23'
Driver info: org.openqa.selenium.firefox.FirefoxDriver
Command: [dfe9804d-99bf-4a2f-a7b6-248558a6c32e, findElement {value=//div[@class='text-danger'], using=xpath}]
Capabilities {acceptInsecureCerts: true, browserName: firefox, browserVersion: 133.0.3, moz:accessibilityChecks: false, moz:buildID: 20241209150345, moz:debuggerAddress: 127.0.0.1:35820, moz:geckodriverVersion: 0.35.0, moz:headless: false, moz:platformVersion: 10.0, moz:processID: 25700, moz:profile: C:\Users\somes\AppData\Loca..., moz:shutdownTimeout: 60000, moz:webdriverClick: true, moz:windowless: false, pageLoadStrategy: normal, platformName: windows, proxy: Proxy(), se:cdp: ws://127.0.0.1:35820/devtoo..., se:cdpVersion: 85.0, setWindowRect: true, strictFileInteractability: false, timeouts: {implicit: 0, pageLoad: 300000, script: 30000}, unhandledPromptBehavior: dismiss and notify, userAgent: Mozilla/5.0 (Windows NT 10....}
Session ID: dfe9804d-99bf-4a2f-a7b6-248558a6c32e
at org.openqa.selenium.remote.ErrorCodec.decode(ErrorCodec.java:167)
at org.openqa.selenium.remote.codec.w3c.W3CHttpResponseCodec.decode(W3CHttpResponseCodec.java:138)
at org.openqa.selenium.remote.codec.w3c.W3CHttpResponseCodec.decode(W3CHttpResponseCodec.java:50)
at org.openqa.selenium.remote.HttpCommandExecutor.execute(HttpCommandExecutor.java:190)
at org.openqa.selenium.remote.service.DriverCommandExecutor.invokeExecute(DriverCommandExecutor.java:216)
at org.openqa.selenium.remote.service.DriverCommandExecutor.execute(DriverCommandExecutor.java:174)
at org.openqa.selenium.remote.RemoteWebDriver.execute(RemoteWebDriver.java:545)
at org.openqa.selenium.remote.ElementLocation$ElementFinder$2.findElement(ElementLocation.java:165)
at org.openqa.selenium.remote.ElementLocation.findElement(ElementLocation.java:59)
at org.openqa.selenium.remote.RemoteWebDriver.findElement(RemoteWebDriver.java:368)
at org.openqa.selenium.remote.RemoteWebDriver.findElement(RemoteWebDriver.java:362)
at Test_PACK.Registration.TC_RF_017_Verify_whether_the_Password_fields_in_the_Register_Account_page_are_following_Password_Complexity_Standards(Registration.java:733)
at java.base/java.util.ArrayList.forEach(ArrayList.java:1597)
... Removed 28 stack frames]]>
    </failure>
  </testcase> <!-- TC_RF_017_Verify_whether_the_Password_fields_in_the_Register_Account_page_are_following_Password_Complexity_Standards -->
  <testcase classname="Test_PACK.Registration" name="TC_RF_017_Verify_whether_the_Password_fields_in_the_Register_Account_page_are_following_Password_Complexity_Standards" time="11.36">
    <failure type="org.openqa.selenium.NoSuchElementException" message="Unable to locate element: //div[@class=&amp;apos;text-danger&amp;apos;]
For documentation on this error, please visit: https://www.selenium.dev/documentation/webdriver/troubleshooting/errors#no-such-element-exception
Build info: version: &amp;apos;4.25.0&amp;apos;, revision: &amp;apos;8a8aea2337&amp;apos;
System info: os.name: &amp;apos;Windows 11&amp;apos;, os.arch: &amp;apos;amd64&amp;apos;, os.version: &amp;apos;10.0&amp;apos;, java.version: &amp;apos;23&amp;apos;
Driver info: org.openqa.selenium.firefox.FirefoxDriver
Command: [6e6399d2-5d00-4403-845b-095d21fa2918, findElement {value=//div[@class=&amp;apos;text-danger&amp;apos;], using=xpath}]
Capabilities {acceptInsecureCerts: true, browserName: firefox, browserVersion: 133.0.3, moz:accessibilityChecks: false, moz:buildID: 20241209150345, moz:debuggerAddress: 127.0.0.1:3910, moz:geckodriverVersion: 0.35.0, moz:headless: false, moz:platformVersion: 10.0, moz:processID: 10968, moz:profile: C:\Users\somes\AppData\Loca..., moz:shutdownTimeout: 60000, moz:webdriverClick: true, moz:windowless: false, pageLoadStrategy: normal, platformName: windows, proxy: Proxy(), se:cdp: ws://127.0.0.1:3910/devtool..., se:cdpVersion: 85.0, setWindowRect: true, strictFileInteractability: false, timeouts: {implicit: 0, pageLoad: 300000, script: 30000}, unhandledPromptBehavior: dismiss and notify, userAgent: Mozilla/5.0 (Windows NT 10....}
Session ID: 6e6399d2-5d00-4403-845b-095d21fa2918">
      <![CDATA[org.openqa.selenium.NoSuchElementException: Unable to locate element: //div[@class='text-danger']
For documentation on this error, please visit: https://www.selenium.dev/documentation/webdriver/troubleshooting/errors#no-such-element-exception
Build info: version: '4.25.0', revision: '8a8aea2337'
System info: os.name: 'Windows 11', os.arch: 'amd64', os.version: '10.0', java.version: '23'
Driver info: org.openqa.selenium.firefox.FirefoxDriver
Command: [6e6399d2-5d00-4403-845b-095d21fa2918, findElement {value=//div[@class='text-danger'], using=xpath}]
Capabilities {acceptInsecureCerts: true, browserName: firefox, browserVersion: 133.0.3, moz:accessibilityChecks: false, moz:buildID: 20241209150345, moz:debuggerAddress: 127.0.0.1:3910, moz:geckodriverVersion: 0.35.0, moz:headless: false, moz:platformVersion: 10.0, moz:processID: 10968, moz:profile: C:\Users\somes\AppData\Loca..., moz:shutdownTimeout: 60000, moz:webdriverClick: true, moz:windowless: false, pageLoadStrategy: normal, platformName: windows, proxy: Proxy(), se:cdp: ws://127.0.0.1:3910/devtool..., se:cdpVersion: 85.0, setWindowRect: true, strictFileInteractability: false, timeouts: {implicit: 0, pageLoad: 300000, script: 30000}, unhandledPromptBehavior: dismiss and notify, userAgent: Mozilla/5.0 (Windows NT 10....}
Session ID: 6e6399d2-5d00-4403-845b-095d21fa2918
at org.openqa.selenium.remote.ErrorCodec.decode(ErrorCodec.java:167)
at org.openqa.selenium.remote.codec.w3c.W3CHttpResponseCodec.decode(W3CHttpResponseCodec.java:138)
at org.openqa.selenium.remote.codec.w3c.W3CHttpResponseCodec.decode(W3CHttpResponseCodec.java:50)
at org.openqa.selenium.remote.HttpCommandExecutor.execute(HttpCommandExecutor.java:190)
at org.openqa.selenium.remote.service.DriverCommandExecutor.invokeExecute(DriverCommandExecutor.java:216)
at org.openqa.selenium.remote.service.DriverCommandExecutor.execute(DriverCommandExecutor.java:174)
at org.openqa.selenium.remote.RemoteWebDriver.execute(RemoteWebDriver.java:545)
at org.openqa.selenium.remote.ElementLocation$ElementFinder$2.findElement(ElementLocation.java:165)
at org.openqa.selenium.remote.ElementLocation.findElement(ElementLocation.java:59)
at org.openqa.selenium.remote.RemoteWebDriver.findElement(RemoteWebDriver.java:368)
at org.openqa.selenium.remote.RemoteWebDriver.findElement(RemoteWebDriver.java:362)
at Test_PACK.Registration.TC_RF_017_Verify_whether_the_Password_fields_in_the_Register_Account_page_are_following_Password_Complexity_Standards(Registration.java:733)
at java.base/java.util.ArrayList.forEach(ArrayList.java:1597)
... Removed 28 stack frames]]>
    </failure>
  </testcase> <!-- TC_RF_017_Verify_whether_the_Password_fields_in_the_Register_Account_page_are_following_Password_Complexity_Standards -->
  <testcase classname="Test_PACK.Registration" name="TC_RF_017_Verify_whether_the_Password_fields_in_the_Register_Account_page_are_following_Password_Complexity_Standards" time="11.69">
    <failure type="org.openqa.selenium.NoSuchElementException" message="Unable to locate element: //div[@class=&amp;apos;text-danger&amp;apos;]
For documentation on this error, please visit: https://www.selenium.dev/documentation/webdriver/troubleshooting/errors#no-such-element-exception
Build info: version: &amp;apos;4.25.0&amp;apos;, revision: &amp;apos;8a8aea2337&amp;apos;
System info: os.name: &amp;apos;Windows 11&amp;apos;, os.arch: &amp;apos;amd64&amp;apos;, os.version: &amp;apos;10.0&amp;apos;, java.version: &amp;apos;23&amp;apos;
Driver info: org.openqa.selenium.firefox.FirefoxDriver
Command: [87872656-5f8b-4885-ae5b-c2295253cf1b, findElement {value=//div[@class=&amp;apos;text-danger&amp;apos;], using=xpath}]
Capabilities {acceptInsecureCerts: true, browserName: firefox, browserVersion: 133.0.3, moz:accessibilityChecks: false, moz:buildID: 20241209150345, moz:debuggerAddress: 127.0.0.1:28181, moz:geckodriverVersion: 0.35.0, moz:headless: false, moz:platformVersion: 10.0, moz:processID: 3568, moz:profile: C:\Users\somes\AppData\Loca..., moz:shutdownTimeout: 60000, moz:webdriverClick: true, moz:windowless: false, pageLoadStrategy: normal, platformName: windows, proxy: Proxy(), se:cdp: ws://127.0.0.1:28181/devtoo..., se:cdpVersion: 85.0, setWindowRect: true, strictFileInteractability: false, timeouts: {implicit: 0, pageLoad: 300000, script: 30000}, unhandledPromptBehavior: dismiss and notify, userAgent: Mozilla/5.0 (Windows NT 10....}
Session ID: 87872656-5f8b-4885-ae5b-c2295253cf1b">
      <![CDATA[org.openqa.selenium.NoSuchElementException: Unable to locate element: //div[@class='text-danger']
For documentation on this error, please visit: https://www.selenium.dev/documentation/webdriver/troubleshooting/errors#no-such-element-exception
Build info: version: '4.25.0', revision: '8a8aea2337'
System info: os.name: 'Windows 11', os.arch: 'amd64', os.version: '10.0', java.version: '23'
Driver info: org.openqa.selenium.firefox.FirefoxDriver
Command: [87872656-5f8b-4885-ae5b-c2295253cf1b, findElement {value=//div[@class='text-danger'], using=xpath}]
Capabilities {acceptInsecureCerts: true, browserName: firefox, browserVersion: 133.0.3, moz:accessibilityChecks: false, moz:buildID: 20241209150345, moz:debuggerAddress: 127.0.0.1:28181, moz:geckodriverVersion: 0.35.0, moz:headless: false, moz:platformVersion: 10.0, moz:processID: 3568, moz:profile: C:\Users\somes\AppData\Loca..., moz:shutdownTimeout: 60000, moz:webdriverClick: true, moz:windowless: false, pageLoadStrategy: normal, platformName: windows, proxy: Proxy(), se:cdp: ws://127.0.0.1:28181/devtoo..., se:cdpVersion: 85.0, setWindowRect: true, strictFileInteractability: false, timeouts: {implicit: 0, pageLoad: 300000, script: 30000}, unhandledPromptBehavior: dismiss and notify, userAgent: Mozilla/5.0 (Windows NT 10....}
Session ID: 87872656-5f8b-4885-ae5b-c2295253cf1b
at org.openqa.selenium.remote.ErrorCodec.decode(ErrorCodec.java:167)
at org.openqa.selenium.remote.codec.w3c.W3CHttpResponseCodec.decode(W3CHttpResponseCodec.java:138)
at org.openqa.selenium.remote.codec.w3c.W3CHttpResponseCodec.decode(W3CHttpResponseCodec.java:50)
at org.openqa.selenium.remote.HttpCommandExecutor.execute(HttpCommandExecutor.java:190)
at org.openqa.selenium.remote.service.DriverCommandExecutor.invokeExecute(DriverCommandExecutor.java:216)
at org.openqa.selenium.remote.service.DriverCommandExecutor.execute(DriverCommandExecutor.java:174)
at org.openqa.selenium.remote.RemoteWebDriver.execute(RemoteWebDriver.java:545)
at org.openqa.selenium.remote.ElementLocation$ElementFinder$2.findElement(ElementLocation.java:165)
at org.openqa.selenium.remote.ElementLocation.findElement(ElementLocation.java:59)
at org.openqa.selenium.remote.RemoteWebDriver.findElement(RemoteWebDriver.java:368)
at org.openqa.selenium.remote.RemoteWebDriver.findElement(RemoteWebDriver.java:362)
at Test_PACK.Registration.TC_RF_017_Verify_whether_the_Password_fields_in_the_Register_Account_page_are_following_Password_Complexity_Standards(Registration.java:733)
at java.base/java.util.ArrayList.forEach(ArrayList.java:1597)
... Removed 28 stack frames]]>
    </failure>
  </testcase> <!-- TC_RF_017_Verify_whether_the_Password_fields_in_the_Register_Account_page_are_following_Password_Complexity_Standards -->
  <testcase classname="Test_PACK.Registration" name="TC_RF_017_Verify_whether_the_Password_fields_in_the_Register_Account_page_are_following_Password_Complexity_Standards" time="11.266">
    <failure type="org.openqa.selenium.NoSuchElementException" message="Unable to locate element: //div[@class=&amp;apos;text-danger&amp;apos;]
For documentation on this error, please visit: https://www.selenium.dev/documentation/webdriver/troubleshooting/errors#no-such-element-exception
Build info: version: &amp;apos;4.25.0&amp;apos;, revision: &amp;apos;8a8aea2337&amp;apos;
System info: os.name: &amp;apos;Windows 11&amp;apos;, os.arch: &amp;apos;amd64&amp;apos;, os.version: &amp;apos;10.0&amp;apos;, java.version: &amp;apos;23&amp;apos;
Driver info: org.openqa.selenium.firefox.FirefoxDriver
Command: [b8eb9e09-230d-4f53-839a-e46f94ff196b, findElement {value=//div[@class=&amp;apos;text-danger&amp;apos;], using=xpath}]
Capabilities {acceptInsecureCerts: true, browserName: firefox, browserVersion: 133.0.3, moz:accessibilityChecks: false, moz:buildID: 20241209150345, moz:debuggerAddress: 127.0.0.1:46641, moz:geckodriverVersion: 0.35.0, moz:headless: false, moz:platformVersion: 10.0, moz:processID: 20184, moz:profile: C:\Users\somes\AppData\Loca..., moz:shutdownTimeout: 60000, moz:webdriverClick: true, moz:windowless: false, pageLoadStrategy: normal, platformName: windows, proxy: Proxy(), se:cdp: ws://127.0.0.1:46641/devtoo..., se:cdpVersion: 85.0, setWindowRect: true, strictFileInteractability: false, timeouts: {implicit: 0, pageLoad: 300000, script: 30000}, unhandledPromptBehavior: dismiss and notify, userAgent: Mozilla/5.0 (Windows NT 10....}
Session ID: b8eb9e09-230d-4f53-839a-e46f94ff196b">
      <![CDATA[org.openqa.selenium.NoSuchElementException: Unable to locate element: //div[@class='text-danger']
For documentation on this error, please visit: https://www.selenium.dev/documentation/webdriver/troubleshooting/errors#no-such-element-exception
Build info: version: '4.25.0', revision: '8a8aea2337'
System info: os.name: 'Windows 11', os.arch: 'amd64', os.version: '10.0', java.version: '23'
Driver info: org.openqa.selenium.firefox.FirefoxDriver
Command: [b8eb9e09-230d-4f53-839a-e46f94ff196b, findElement {value=//div[@class='text-danger'], using=xpath}]
Capabilities {acceptInsecureCerts: true, browserName: firefox, browserVersion: 133.0.3, moz:accessibilityChecks: false, moz:buildID: 20241209150345, moz:debuggerAddress: 127.0.0.1:46641, moz:geckodriverVersion: 0.35.0, moz:headless: false, moz:platformVersion: 10.0, moz:processID: 20184, moz:profile: C:\Users\somes\AppData\Loca..., moz:shutdownTimeout: 60000, moz:webdriverClick: true, moz:windowless: false, pageLoadStrategy: normal, platformName: windows, proxy: Proxy(), se:cdp: ws://127.0.0.1:46641/devtoo..., se:cdpVersion: 85.0, setWindowRect: true, strictFileInteractability: false, timeouts: {implicit: 0, pageLoad: 300000, script: 30000}, unhandledPromptBehavior: dismiss and notify, userAgent: Mozilla/5.0 (Windows NT 10....}
Session ID: b8eb9e09-230d-4f53-839a-e46f94ff196b
at org.openqa.selenium.remote.ErrorCodec.decode(ErrorCodec.java:167)
at org.openqa.selenium.remote.codec.w3c.W3CHttpResponseCodec.decode(W3CHttpResponseCodec.java:138)
at org.openqa.selenium.remote.codec.w3c.W3CHttpResponseCodec.decode(W3CHttpResponseCodec.java:50)
at org.openqa.selenium.remote.HttpCommandExecutor.execute(HttpCommandExecutor.java:190)
at org.openqa.selenium.remote.service.DriverCommandExecutor.invokeExecute(DriverCommandExecutor.java:216)
at org.openqa.selenium.remote.service.DriverCommandExecutor.execute(DriverCommandExecutor.java:174)
at org.openqa.selenium.remote.RemoteWebDriver.execute(RemoteWebDriver.java:545)
at org.openqa.selenium.remote.ElementLocation$ElementFinder$2.findElement(ElementLocation.java:165)
at org.openqa.selenium.remote.ElementLocation.findElement(ElementLocation.java:59)
at org.openqa.selenium.remote.RemoteWebDriver.findElement(RemoteWebDriver.java:368)
at org.openqa.selenium.remote.RemoteWebDriver.findElement(RemoteWebDriver.java:362)
at Test_PACK.Registration.TC_RF_017_Verify_whether_the_Password_fields_in_the_Register_Account_page_are_following_Password_Complexity_Standards(Registration.java:733)
at java.base/java.util.ArrayList.forEach(ArrayList.java:1597)
... Removed 28 stack frames]]>
    </failure>
  </testcase> <!-- TC_RF_017_Verify_whether_the_Password_fields_in_the_Register_Account_page_are_following_Password_Complexity_Standards -->
  <testcase classname="Test_PACK.Registration" name="TC_RF_017_Verify_whether_the_Password_fields_in_the_Register_Account_page_are_following_Password_Complexity_Standards" time="11.39">
    <failure type="org.openqa.selenium.NoSuchElementException" message="Unable to locate element: //div[@class=&amp;apos;text-danger&amp;apos;]
For documentation on this error, please visit: https://www.selenium.dev/documentation/webdriver/troubleshooting/errors#no-such-element-exception
Build info: version: &amp;apos;4.25.0&amp;apos;, revision: &amp;apos;8a8aea2337&amp;apos;
System info: os.name: &amp;apos;Windows 11&amp;apos;, os.arch: &amp;apos;amd64&amp;apos;, os.version: &amp;apos;10.0&amp;apos;, java.version: &amp;apos;23&amp;apos;
Driver info: org.openqa.selenium.firefox.FirefoxDriver
Command: [c5790032-e1fc-48c9-8f1c-90535ae1a3e4, findElement {value=//div[@class=&amp;apos;text-danger&amp;apos;], using=xpath}]
Capabilities {acceptInsecureCerts: true, browserName: firefox, browserVersion: 133.0.3, moz:accessibilityChecks: false, moz:buildID: 20241209150345, moz:debuggerAddress: 127.0.0.1:20227, moz:geckodriverVersion: 0.35.0, moz:headless: false, moz:platformVersion: 10.0, moz:processID: 10184, moz:profile: C:\Users\somes\AppData\Loca..., moz:shutdownTimeout: 60000, moz:webdriverClick: true, moz:windowless: false, pageLoadStrategy: normal, platformName: windows, proxy: Proxy(), se:cdp: ws://127.0.0.1:20227/devtoo..., se:cdpVersion: 85.0, setWindowRect: true, strictFileInteractability: false, timeouts: {implicit: 0, pageLoad: 300000, script: 30000}, unhandledPromptBehavior: dismiss and notify, userAgent: Mozilla/5.0 (Windows NT 10....}
Session ID: c5790032-e1fc-48c9-8f1c-90535ae1a3e4">
      <![CDATA[org.openqa.selenium.NoSuchElementException: Unable to locate element: //div[@class='text-danger']
For documentation on this error, please visit: https://www.selenium.dev/documentation/webdriver/troubleshooting/errors#no-such-element-exception
Build info: version: '4.25.0', revision: '8a8aea2337'
System info: os.name: 'Windows 11', os.arch: 'amd64', os.version: '10.0', java.version: '23'
Driver info: org.openqa.selenium.firefox.FirefoxDriver
Command: [c5790032-e1fc-48c9-8f1c-90535ae1a3e4, findElement {value=//div[@class='text-danger'], using=xpath}]
Capabilities {acceptInsecureCerts: true, browserName: firefox, browserVersion: 133.0.3, moz:accessibilityChecks: false, moz:buildID: 20241209150345, moz:debuggerAddress: 127.0.0.1:20227, moz:geckodriverVersion: 0.35.0, moz:headless: false, moz:platformVersion: 10.0, moz:processID: 10184, moz:profile: C:\Users\somes\AppData\Loca..., moz:shutdownTimeout: 60000, moz:webdriverClick: true, moz:windowless: false, pageLoadStrategy: normal, platformName: windows, proxy: Proxy(), se:cdp: ws://127.0.0.1:20227/devtoo..., se:cdpVersion: 85.0, setWindowRect: true, strictFileInteractability: false, timeouts: {implicit: 0, pageLoad: 300000, script: 30000}, unhandledPromptBehavior: dismiss and notify, userAgent: Mozilla/5.0 (Windows NT 10....}
Session ID: c5790032-e1fc-48c9-8f1c-90535ae1a3e4
at org.openqa.selenium.remote.ErrorCodec.decode(ErrorCodec.java:167)
at org.openqa.selenium.remote.codec.w3c.W3CHttpResponseCodec.decode(W3CHttpResponseCodec.java:138)
at org.openqa.selenium.remote.codec.w3c.W3CHttpResponseCodec.decode(W3CHttpResponseCodec.java:50)
at org.openqa.selenium.remote.HttpCommandExecutor.execute(HttpCommandExecutor.java:190)
at org.openqa.selenium.remote.service.DriverCommandExecutor.invokeExecute(DriverCommandExecutor.java:216)
at org.openqa.selenium.remote.service.DriverCommandExecutor.execute(DriverCommandExecutor.java:174)
at org.openqa.selenium.remote.RemoteWebDriver.execute(RemoteWebDriver.java:545)
at org.openqa.selenium.remote.ElementLocation$ElementFinder$2.findElement(ElementLocation.java:165)
at org.openqa.selenium.remote.ElementLocation.findElement(ElementLocation.java:59)
at org.openqa.selenium.remote.RemoteWebDriver.findElement(RemoteWebDriver.java:368)
at org.openqa.selenium.remote.RemoteWebDriver.findElement(RemoteWebDriver.java:362)
at Test_PACK.Registration.TC_RF_017_Verify_whether_the_Password_fields_in_the_Register_Account_page_are_following_Password_Complexity_Standards(Registration.java:733)
at java.base/java.util.ArrayList.forEach(ArrayList.java:1597)
... Removed 28 stack frames]]>
    </failure>
  </testcase> <!-- TC_RF_017_Verify_whether_the_Password_fields_in_the_Register_Account_page_are_following_Password_Complexity_Standards -->
  <testcase classname="Test_PACK.Registration" name="TC_RF_019_Verify_whether_the_leading_and_trailing_spaces_entered_into_the_Register_Account_fields_are_trimmed" time="10.672">
    <failure type="org.openqa.selenium.NoSuchElementException" message="Unable to locate element: //a[normalize-space()=&amp;apos;Continue&amp;apos;]
For documentation on this error, please visit: https://www.selenium.dev/documentation/webdriver/troubleshooting/errors#no-such-element-exception
Build info: version: &amp;apos;4.25.0&amp;apos;, revision: &amp;apos;8a8aea2337&amp;apos;
System info: os.name: &amp;apos;Windows 11&amp;apos;, os.arch: &amp;apos;amd64&amp;apos;, os.version: &amp;apos;10.0&amp;apos;, java.version: &amp;apos;23&amp;apos;
Driver info: org.openqa.selenium.firefox.FirefoxDriver
Command: [03230bfb-97d5-454f-a90b-d76cbc472839, findElement {value=//a[normalize-space()=&amp;apos;Continue&amp;apos;], using=xpath}]
Capabilities {acceptInsecureCerts: true, browserName: firefox, browserVersion: 133.0.3, moz:accessibilityChecks: false, moz:buildID: 20241209150345, moz:debuggerAddress: 127.0.0.1:7096, moz:geckodriverVersion: 0.35.0, moz:headless: false, moz:platformVersion: 10.0, moz:processID: 25588, moz:profile: C:\Users\somes\AppData\Loca..., moz:shutdownTimeout: 60000, moz:webdriverClick: true, moz:windowless: false, pageLoadStrategy: normal, platformName: windows, proxy: Proxy(), se:cdp: ws://127.0.0.1:7096/devtool..., se:cdpVersion: 85.0, setWindowRect: true, strictFileInteractability: false, timeouts: {implicit: 0, pageLoad: 300000, script: 30000}, unhandledPromptBehavior: dismiss and notify, userAgent: Mozilla/5.0 (Windows NT 10....}
Session ID: 03230bfb-97d5-454f-a90b-d76cbc472839">
      <![CDATA[org.openqa.selenium.NoSuchElementException: Unable to locate element: //a[normalize-space()='Continue']
For documentation on this error, please visit: https://www.selenium.dev/documentation/webdriver/troubleshooting/errors#no-such-element-exception
Build info: version: '4.25.0', revision: '8a8aea2337'
System info: os.name: 'Windows 11', os.arch: 'amd64', os.version: '10.0', java.version: '23'
Driver info: org.openqa.selenium.firefox.FirefoxDriver
Command: [03230bfb-97d5-454f-a90b-d76cbc472839, findElement {value=//a[normalize-space()='Continue'], using=xpath}]
Capabilities {acceptInsecureCerts: true, browserName: firefox, browserVersion: 133.0.3, moz:accessibilityChecks: false, moz:buildID: 20241209150345, moz:debuggerAddress: 127.0.0.1:7096, moz:geckodriverVersion: 0.35.0, moz:headless: false, moz:platformVersion: 10.0, moz:processID: 25588, moz:profile: C:\Users\somes\AppData\Loca..., moz:shutdownTimeout: 60000, moz:webdriverClick: true, moz:windowless: false, pageLoadStrategy: normal, platformName: windows, proxy: Proxy(), se:cdp: ws://127.0.0.1:7096/devtool..., se:cdpVersion: 85.0, setWindowRect: true, strictFileInteractability: false, timeouts: {implicit: 0, pageLoad: 300000, script: 30000}, unhandledPromptBehavior: dismiss and notify, userAgent: Mozilla/5.0 (Windows NT 10....}
Session ID: 03230bfb-97d5-454f-a90b-d76cbc472839
at org.openqa.selenium.remote.ErrorCodec.decode(ErrorCodec.java:167)
at org.openqa.selenium.remote.codec.w3c.W3CHttpResponseCodec.decode(W3CHttpResponseCodec.java:138)
at org.openqa.selenium.remote.codec.w3c.W3CHttpResponseCodec.decode(W3CHttpResponseCodec.java:50)
at org.openqa.selenium.remote.HttpCommandExecutor.execute(HttpCommandExecutor.java:190)
at org.openqa.selenium.remote.service.DriverCommandExecutor.invokeExecute(DriverCommandExecutor.java:216)
at org.openqa.selenium.remote.service.DriverCommandExecutor.execute(DriverCommandExecutor.java:174)
at org.openqa.selenium.remote.RemoteWebDriver.execute(RemoteWebDriver.java:545)
at org.openqa.selenium.remote.ElementLocation$ElementFinder$2.findElement(ElementLocation.java:165)
at org.openqa.selenium.remote.ElementLocation.findElement(ElementLocation.java:59)
at org.openqa.selenium.remote.RemoteWebDriver.findElement(RemoteWebDriver.java:368)
at org.openqa.selenium.remote.RemoteWebDriver.findElement(RemoteWebDriver.java:362)
at Test_PACK.Registration.TC_RF_019_Verify_whether_the_leading_and_trailing_spaces_entered_into_the_Register_Account_fields_are_trimmed(Registration.java:773)
at java.base/java.util.ArrayList.forEach(ArrayList.java:1597)
... Removed 28 stack frames]]>
    </failure>
  </testcase> <!-- TC_RF_019_Verify_whether_the_leading_and_trailing_spaces_entered_into_the_Register_Account_fields_are_trimmed -->
  <testcase classname="Test_PACK.Registration" name="TC_RF_020_Verify_whether_the_Privacy_Policy_checkbox_option_is_not_selected_by_default" time="0.015"/>
  <testcase classname="Test_PACK.Registration" name="TC_RF_021_Verify_Registering_the_Account_without_selecting_the_Privacy_Policy_checkbox_option" time="0.86"/>
  <testcase classname="Test_PACK.Registration" name="TC_RF_022_Verify_the_Password_text_entered_into_the_Password_and_Password_Confirm_field_of_Register_Account_functionality_is_toggled_to_hide_its_visibility" time="0.03"/>
  <testcase classname="Test_PACK.Registration" name="TC_RF_023_Verify_navigating_to_other_pages_using_options_or_links_provided_on_the_Register_Account_page" time="14.522"/>
  <testcase classname="Test_PACK.Registration" name="TC_RF_024_Verify_Registring_Account_by_filling_Password_field_and_not_filling_Password_Confirm_field" time="0.871"/>
  <testcase classname="Test_PACK.Registration" name="TC_RF_025_Verify_Breadcrumb_PageHeading_PageURL_PageTitle_of_Register_AccountPage" time="0.039"/>
  <testcase classname="Test_PACK.Registration" name="TC_RF_026_Verify_the_UI_of_Register_Account_page" time="0.059"/>
  <testcase classname="Test_PACK.Registration" name="TC_RF_027_Verify_Register_Account_functionality_in_all_the_supported_environments" time="9.638"/>
  <testcase classname="Test_PACK.Registration" name="TC_RF_027_Verify_Register_Account_functionality_in_all_the_supported_environments" time="10.904"/>
  <testcase classname="Test_PACK.Registration" name="TC_RF_027_Verify_Register_Account_functionality_in_all_the_supported_environments" time="11.682"/>
  <testcase classname="Test_PACK.Registration" name="TC_RF_004_Verify_proper_notification_messages_with_no_data_in_the_madetory_field" time="0.0">
    <ignored/>
  </testcase> <!-- TC_RF_004_Verify_proper_notification_messages_with_no_data_in_the_madetory_field -->
  <testcase classname="Test_PACK.Registration" name="TC_RF_008_Verify_Registering_Account_by_entering_different_passwords_into_Password_and_Password_Confirm_fields" time="0.0">
    <ignored/>
  </testcase> <!-- TC_RF_008_Verify_Registering_Account_by_entering_different_passwords_into_Password_and_Password_Confirm_fields -->
  <testcase classname="Test_PACK.Registration" name="TC_RF_009_Verify_Registering_Account_by_providing_the_existing_account_details" time="0.0">
    <ignored/>
  </testcase> <!-- TC_RF_009_Verify_Registering_Account_by_providing_the_existing_account_details -->
  <testcase classname="Test_PACK.Registration" name="TC_RF_003_verifyRegisteringAnAccountproviding_all_fields" time="0.0">
    <ignored/>
  </testcase> <!-- TC_RF_003_verifyRegisteringAnAccountproviding_all_fields -->
  <testcase classname="Test_PACK.Registration" name="TC_RF_013Verify_all_fields_in_the_Register_Account_page_have_proper_placeholders" time="0.0">
    <ignored/>
  </testcase> <!-- TC_RF_013Verify_all_fields_in_the_Register_Account_page_have_proper_placeholders -->
  <testcase classname="Test_PACK.Registration" name="TC_RF_001_verify_Registering_Account_Using_MandatoryFields" time="0.0">
    <ignored/>
  </testcase> <!-- TC_RF_001_verify_Registering_Account_Using_MandatoryFields -->
  <testcase classname="Test_PACK.Registration" name="TC_RF_010_Verify_registraton_With_invalidEmail" time="0.0">
    <ignored/>
  </testcase> <!-- TC_RF_010_Verify_registraton_With_invalidEmail -->
  <testcase classname="Test_PACK.Registration" name="TC_RF_002_verifyThankYourConfirmationEmailOnSuccessfulRegistration" time="0.0">
    <ignored/>
  </testcase> <!-- TC_RF_002_verifyThankYourConfirmationEmailOnSuccessfulRegistration -->
  <testcase classname="Test_PACK.Registration" name="TC_RF_007_Verify__diff_ways_to_navigating_to_Register_page" time="0.0">
    <ignored/>
  </testcase> <!-- TC_RF_007_Verify__diff_ways_to_navigating_to_Register_page -->
  <testcase classname="Test_PACK.Registration" name="TC_RF_005_Verify_Registering_an_Accountwith_Newsletter_field_As_YES" time="0.0">
    <ignored/>
  </testcase> <!-- TC_RF_005_Verify_Registering_an_Accountwith_Newsletter_field_As_YES -->
  <testcase classname="Test_PACK.Registration" name="TC_RF_006_Verify_Registering_an_Accountwith_Newsletter_field_As_NO" time="0.0">
    <ignored/>
  </testcase> <!-- TC_RF_006_Verify_Registering_an_Accountwith_Newsletter_field_As_NO -->
  <testcase classname="Test_PACK.Registration" name="TC_RF_014_Verify_all_mandatory_fields_in_Register_Account" time="0.0">
    <ignored/>
  </testcase> <!-- TC_RF_014_Verify_all_mandatory_fields_in_Register_Account -->
  <testcase classname="Test_PACK.Registration" name="TC_RF_016_verify_Registering_Account_By_Entering_Only_Spaces" time="0.0">
    <ignored/>
  </testcase> <!-- TC_RF_016_verify_Registering_Account_By_Entering_Only_Spaces -->
  <testcase classname="Test_PACK.Registration" name="TC_RF_012Verify_Registering_Account_by_using_Keyboard_keys" time="0.0">
    <ignored/>
  </testcase> <!-- TC_RF_012Verify_Registering_Account_by_using_Keyboard_keys -->
</testsuite> <!-- Default test(failed)(failed) -->
