<?xml version="1.0" encoding="UTF-8"?>
<!-- Generated by org.testng.reporters.JUnitReportReporter -->
<testsuite hostname="MSI" failures="0" tests="300" name="Temp_pack.Login" time="14388.538" errors="5" timestamp="2024-11-10T11:23:40 IST" skipped="0">
  <testcase classname="Temp_pack.Login" name="User01_email01_20hits" time="45.729"/>
  <system-out/>
  <testcase classname="Temp_pack.Login" name="User01_email01_20hits" time="18.726"/>
  <system-out/>
  <testcase classname="Temp_pack.Login" name="User02_email02_20hits" time="74.169"/>
  <system-out/>
  <testcase classname="Temp_pack.Login" name="User05_email05_20hits" time="50.699"/>
  <system-out/>
  <testcase classname="Temp_pack.Login" name="User02_email02_20hits" time="13.915">
    <error message="no such window: target window already closed
from unknown error: web view not found
  (Session info: chrome=130.0.6723.117)
Build info: version: &#039;4.25.0&#039;, revision: &#039;8a8aea2337&#039;
System info: os.name: &#039;Windows 11&#039;, os.arch: &#039;amd64&#039;, os.version: &#039;10.0&#039;, java.version: &#039;23&#039;
Driver info: org.openqa.selenium.chrome.ChromeDriver
Command: [10f844a230fcdd47d7dde7eebb0301ec, maximizeCurrentWindow {}]
Capabilities {acceptInsecureCerts: false, browserName: chrome, browserVersion: 130.0.6723.117, chrome: {chromedriverVersion: 130.0.6723.116 (6ac35f94ae3..., userDataDir: C:\Users\somes\AppData\Loca...}, fedcm:accounts: true, goog:chromeOptions: {debuggerAddress: localhost:54554}, networkConnectionEnabled: false, pageLoadStrategy: normal, platformName: windows, proxy: Proxy(), se:cdp: ws://localhost:54554/devtoo..., se:cdpVersion: 130.0.6723.117, setWindowRect: true, strictFileInteractability: false, timeouts: {implicit: 0, pageLoad: 300000, script: 30000}, unhandledPromptBehavior: dismiss and notify, webauthn:extension:credBlob: true, webauthn:extension:largeBlob: true, webauthn:extension:minPinLength: true, webauthn:extension:prf: true, webauthn:virtualAuthenticators: true}
Session ID: 10f844a230fcdd47d7dde7eebb0301ec" type="org.openqa.selenium.NoSuchWindowException">
      <![CDATA[org.openqa.selenium.NoSuchWindowException: no such window: target window already closed
from unknown error: web view not found
  (Session info: chrome=130.0.6723.117)
Build info: version: '4.25.0', revision: '8a8aea2337'
System info: os.name: 'Windows 11', os.arch: 'amd64', os.version: '10.0', java.version: '23'
Driver info: org.openqa.selenium.chrome.ChromeDriver
Command: [10f844a230fcdd47d7dde7eebb0301ec, maximizeCurrentWindow {}]
Capabilities {acceptInsecureCerts: false, browserName: chrome, browserVersion: 130.0.6723.117, chrome: {chromedriverVersion: 130.0.6723.116 (6ac35f94ae3..., userDataDir: C:\Users\somes\AppData\Loca...}, fedcm:accounts: true, goog:chromeOptions: {debuggerAddress: localhost:54554}, networkConnectionEnabled: false, pageLoadStrategy: normal, platformName: windows, proxy: Proxy(), se:cdp: ws://localhost:54554/devtoo..., se:cdpVersion: 130.0.6723.117, setWindowRect: true, strictFileInteractability: false, timeouts: {implicit: 0, pageLoad: 300000, script: 30000}, unhandledPromptBehavior: dismiss and notify, webauthn:extension:credBlob: true, webauthn:extension:largeBlob: true, webauthn:extension:minPinLength: true, webauthn:extension:prf: true, webauthn:virtualAuthenticators: true}
Session ID: 10f844a230fcdd47d7dde7eebb0301ec
at java.base/jdk.internal.reflect.DirectConstructorHandleAccessor.newInstance(DirectConstructorHandleAccessor.java:62)
at java.base/java.lang.reflect.Constructor.newInstanceWithCaller(Constructor.java:501)
at java.base/java.lang.reflect.Constructor.newInstance(Constructor.java:485)
at org.openqa.selenium.remote.ErrorCodec.decode(ErrorCodec.java:167)
at org.openqa.selenium.remote.codec.w3c.W3CHttpResponseCodec.decode(W3CHttpResponseCodec.java:138)
at org.openqa.selenium.remote.codec.w3c.W3CHttpResponseCodec.decode(W3CHttpResponseCodec.java:50)
at org.openqa.selenium.remote.HttpCommandExecutor.execute(HttpCommandExecutor.java:190)
at org.openqa.selenium.remote.service.DriverCommandExecutor.invokeExecute(DriverCommandExecutor.java:216)
at org.openqa.selenium.remote.service.DriverCommandExecutor.execute(DriverCommandExecutor.java:174)
at org.openqa.selenium.remote.RemoteWebDriver.execute(RemoteWebDriver.java:545)
at org.openqa.selenium.remote.RemoteWebDriver.execute(RemoteWebDriver.java:618)
at org.openqa.selenium.remote.RemoteWebDriver.execute(RemoteWebDriver.java:622)
at org.openqa.selenium.remote.RemoteWebDriver$RemoteWebDriverOptions$RemoteWindow.maximize(RemoteWebDriver.java:1061)
at Temp_pack.Login.User02_email02_20hits(Login.java:51)
at java.base/jdk.internal.reflect.DirectMethodHandleAccessor.invoke(DirectMethodHandleAccessor.java:103)
at java.base/java.lang.reflect.Method.invoke(Method.java:580)
at org.testng.internal.MethodInvocationHelper.invokeMethod(MethodInvocationHelper.java:133)
at org.testng.internal.TestInvoker.invokeMethod(TestInvoker.java:598)
at org.testng.internal.TestInvoker.invokeTestMethod(TestInvoker.java:173)
at org.testng.internal.MethodRunner.runInSequence(MethodRunner.java:46)
at org.testng.internal.TestInvoker$MethodInvocationAgent.invoke(TestInvoker.java:824)
at org.testng.internal.TestInvoker.invokeTestMethods(TestInvoker.java:146)
at org.testng.internal.TestMethodWorker.invokeTestMethods(TestMethodWorker.java:146)
at org.testng.internal.TestMethodWorker.run(TestMethodWorker.java:128)
at java.base/java.util.ArrayList.forEach(ArrayList.java:1597)
at org.testng.TestRunner.privateRun(TestRunner.java:794)
at org.testng.TestRunner.run(TestRunner.java:596)
at org.testng.SuiteRunner.runTest(SuiteRunner.java:377)
at org.testng.SuiteRunner.runSequentially(SuiteRunner.java:371)
at org.testng.SuiteRunner.privateRun(SuiteRunner.java:332)
at org.testng.SuiteRunner.run(SuiteRunner.java:276)
at org.testng.SuiteRunnerWorker.runSuite(SuiteRunnerWorker.java:53)
at org.testng.SuiteRunnerWorker.run(SuiteRunnerWorker.java:96)
at org.testng.TestNG.runSuitesSequentially(TestNG.java:1212)
at org.testng.TestNG.runSuitesLocally(TestNG.java:1134)
at org.testng.TestNG.runSuites(TestNG.java:1063)
at org.testng.TestNG.run(TestNG.java:1031)
at org.testng.remote.AbstractRemoteTestNG.run(AbstractRemoteTestNG.java:115)
at org.testng.remote.RemoteTestNG.initAndRun(RemoteTestNG.java:293)
at org.testng.remote.RemoteTestNG.main(RemoteTestNG.java:91)
]]>
    </error>
  </testcase> <!-- User02_email02_20hits -->
  <system-out/>
  <testcase classname="Temp_pack.Login" name="User03_email03_20hits" time="28.238"/>
  <system-out/>
  <testcase classname="Temp_pack.Login" name="User04_email04_20hits" time="49.240"/>
  <system-out/>
  <testcase classname="Temp_pack.Login" name="User02_email02_20hits" time="21.759"/>
  <system-out/>
  <testcase classname="Temp_pack.Login" name="User01_email01_20hits" time="58.668"/>
  <system-out/>
  <testcase classname="Temp_pack.Login" name="User05_email05_20hits" time="53.638"/>
  <system-out/>
  <testcase classname="Temp_pack.Login" name="User03_email03_20hits" time="25.505"/>
  <system-out/>
  <testcase classname="Temp_pack.Login" name="User03_email03_20hits" time="32.009"/>
  <system-out/>
  <testcase classname="Temp_pack.Login" name="User04_email04_20hits" time="53.437"/>
  <system-out/>
  <testcase classname="Temp_pack.Login" name="User04_email04_20hits" time="58.286"/>
  <system-out/>
  <testcase classname="Temp_pack.Login" name="User05_email05_20hits" time="43.577"/>
  <system-out/>
  <testcase classname="Temp_pack.Login" name="User01_email01_20hits" time="20.771"/>
  <system-out/>
  <testcase classname="Temp_pack.Login" name="User02_email02_20hits" time="32.002"/>
  <system-out/>
  <testcase classname="Temp_pack.Login" name="User02_email02_20hits" time="98.581"/>
  <system-out/>
  <testcase classname="Temp_pack.Login" name="User05_email05_20hits" time="49.655"/>
  <system-out/>
  <testcase classname="Temp_pack.Login" name="User04_email04_20hits" time="66.760"/>
  <system-out/>
  <testcase classname="Temp_pack.Login" name="User03_email03_20hits" time="102.757"/>
  <system-out/>
  <testcase classname="Temp_pack.Login" name="User01_email01_20hits" time="46.935"/>
  <system-out/>
  <testcase classname="Temp_pack.Login" name="User03_email03_20hits" time="28.464"/>
  <system-out/>
  <testcase classname="Temp_pack.Login" name="User03_email03_20hits" time="59.567"/>
  <system-out/>
  <testcase classname="Temp_pack.Login" name="User01_email01_20hits" time="18.909"/>
  <system-out/>
  <testcase classname="Temp_pack.Login" name="User04_email04_20hits" time="66.426"/>
  <system-out/>
  <testcase classname="Temp_pack.Login" name="User03_email03_20hits" time="72.519"/>
  <system-out/>
  <testcase classname="Temp_pack.Login" name="User03_email03_20hits" time="28.771"/>
  <system-out/>
  <testcase classname="Temp_pack.Login" name="User05_email05_20hits" time="36.051"/>
  <system-out/>
  <testcase classname="Temp_pack.Login" name="User05_email05_20hits" time="27.072"/>
  <system-out/>
  <testcase classname="Temp_pack.Login" name="User03_email03_20hits" time="23.718"/>
  <system-out/>
  <testcase classname="Temp_pack.Login" name="User03_email03_20hits" time="33.083"/>
  <system-out/>
  <testcase classname="Temp_pack.Login" name="User05_email05_20hits" time="66.280"/>
  <system-out/>
  <testcase classname="Temp_pack.Login" name="User04_email04_20hits" time="51.642"/>
  <system-out/>
  <testcase classname="Temp_pack.Login" name="User05_email05_20hits" time="63.334"/>
  <system-out/>
  <testcase classname="Temp_pack.Login" name="User01_email01_20hits" time="42.550"/>
  <system-out/>
  <testcase classname="Temp_pack.Login" name="User03_email03_20hits" time="28.571"/>
  <system-out/>
  <testcase classname="Temp_pack.Login" name="User03_email03_20hits" time="21.797"/>
  <system-out/>
  <testcase classname="Temp_pack.Login" name="User03_email03_20hits" time="21.126"/>
  <system-out/>
  <testcase classname="Temp_pack.Login" name="User03_email03_20hits" time="31.003"/>
  <system-out/>
  <testcase classname="Temp_pack.Login" name="User05_email05_20hits" time="53.092"/>
  <system-out/>
  <testcase classname="Temp_pack.Login" name="User01_email01_20hits" time="21.950"/>
  <system-out/>
  <testcase classname="Temp_pack.Login" name="User01_email01_20hits" time="20.738"/>
  <system-out/>
  <testcase classname="Temp_pack.Login" name="User04_email04_20hits" time="44.243"/>
  <system-out/>
  <testcase classname="Temp_pack.Login" name="User04_email04_20hits" time="62.539"/>
  <system-out/>
  <testcase classname="Temp_pack.Login" name="User04_email04_20hits" time="73.526"/>
  <system-out/>
  <testcase classname="Temp_pack.Login" name="User05_email05_20hits" time="74.112"/>
  <system-out/>
  <testcase classname="Temp_pack.Login" name="User03_email03_20hits" time="24.406"/>
  <system-out/>
  <testcase classname="Temp_pack.Login" name="User03_email03_20hits" time="26.312"/>
  <system-out/>
  <testcase classname="Temp_pack.Login" name="User01_email01_20hits" time="61.270"/>
  <system-out/>
  <testcase classname="Temp_pack.Login" name="User01_email01_20hits" time="19.914"/>
  <system-out/>
  <testcase classname="Temp_pack.Login" name="User04_email04_20hits" time="48.611"/>
  <system-out/>
  <testcase classname="Temp_pack.Login" name="User01_email01_20hits" time="25.639"/>
  <system-out/>
  <testcase classname="Temp_pack.Login" name="User03_email03_20hits" time="22.424"/>
  <system-out/>
  <testcase classname="Temp_pack.Login" name="User05_email05_20hits" time="46.080"/>
  <system-out/>
  <testcase classname="Temp_pack.Login" name="User02_email02_20hits" time="24.862"/>
  <system-out/>
  <testcase classname="Temp_pack.Login" name="User05_email05_20hits" time="50.787"/>
  <system-out/>
  <testcase classname="Temp_pack.Login" name="User04_email04_20hits" time="51.226"/>
  <system-out/>
  <testcase classname="Temp_pack.Login" name="User01_email01_20hits" time="43.059">
    <error message="no such window: target window already closed
from unknown error: web view not found
  (Session info: chrome=130.0.6723.117)
Build info: version: &#039;4.25.0&#039;, revision: &#039;8a8aea2337&#039;
System info: os.name: &#039;Windows 11&#039;, os.arch: &#039;amd64&#039;, os.version: &#039;10.0&#039;, java.version: &#039;23&#039;
Driver info: org.openqa.selenium.chrome.ChromeDriver
Command: [51a40790c48d9510d1d8ae1419408a60, maximizeCurrentWindow {}]
Capabilities {acceptInsecureCerts: false, browserName: chrome, browserVersion: 130.0.6723.117, chrome: {chromedriverVersion: 130.0.6723.116 (6ac35f94ae3..., userDataDir: C:\Users\somes\AppData\Loca...}, fedcm:accounts: true, goog:chromeOptions: {debuggerAddress: localhost:51901}, networkConnectionEnabled: false, pageLoadStrategy: normal, platformName: windows, proxy: Proxy(), se:cdp: ws://localhost:51901/devtoo..., se:cdpVersion: 130.0.6723.117, setWindowRect: true, strictFileInteractability: false, timeouts: {implicit: 0, pageLoad: 300000, script: 30000}, unhandledPromptBehavior: dismiss and notify, webauthn:extension:credBlob: true, webauthn:extension:largeBlob: true, webauthn:extension:minPinLength: true, webauthn:extension:prf: true, webauthn:virtualAuthenticators: true}
Session ID: 51a40790c48d9510d1d8ae1419408a60" type="org.openqa.selenium.NoSuchWindowException">
      <![CDATA[org.openqa.selenium.NoSuchWindowException: no such window: target window already closed
from unknown error: web view not found
  (Session info: chrome=130.0.6723.117)
Build info: version: '4.25.0', revision: '8a8aea2337'
System info: os.name: 'Windows 11', os.arch: 'amd64', os.version: '10.0', java.version: '23'
Driver info: org.openqa.selenium.chrome.ChromeDriver
Command: [51a40790c48d9510d1d8ae1419408a60, maximizeCurrentWindow {}]
Capabilities {acceptInsecureCerts: false, browserName: chrome, browserVersion: 130.0.6723.117, chrome: {chromedriverVersion: 130.0.6723.116 (6ac35f94ae3..., userDataDir: C:\Users\somes\AppData\Loca...}, fedcm:accounts: true, goog:chromeOptions: {debuggerAddress: localhost:51901}, networkConnectionEnabled: false, pageLoadStrategy: normal, platformName: windows, proxy: Proxy(), se:cdp: ws://localhost:51901/devtoo..., se:cdpVersion: 130.0.6723.117, setWindowRect: true, strictFileInteractability: false, timeouts: {implicit: 0, pageLoad: 300000, script: 30000}, unhandledPromptBehavior: dismiss and notify, webauthn:extension:credBlob: true, webauthn:extension:largeBlob: true, webauthn:extension:minPinLength: true, webauthn:extension:prf: true, webauthn:virtualAuthenticators: true}
Session ID: 51a40790c48d9510d1d8ae1419408a60
at java.base/jdk.internal.reflect.DirectConstructorHandleAccessor.newInstance(DirectConstructorHandleAccessor.java:62)
at java.base/java.lang.reflect.Constructor.newInstanceWithCaller(Constructor.java:501)
at java.base/java.lang.reflect.Constructor.newInstance(Constructor.java:485)
at org.openqa.selenium.remote.ErrorCodec.decode(ErrorCodec.java:167)
at org.openqa.selenium.remote.codec.w3c.W3CHttpResponseCodec.decode(W3CHttpResponseCodec.java:138)
at org.openqa.selenium.remote.codec.w3c.W3CHttpResponseCodec.decode(W3CHttpResponseCodec.java:50)
at org.openqa.selenium.remote.HttpCommandExecutor.execute(HttpCommandExecutor.java:190)
at org.openqa.selenium.remote.service.DriverCommandExecutor.invokeExecute(DriverCommandExecutor.java:216)
at org.openqa.selenium.remote.service.DriverCommandExecutor.execute(DriverCommandExecutor.java:174)
at org.openqa.selenium.remote.RemoteWebDriver.execute(RemoteWebDriver.java:545)
at org.openqa.selenium.remote.RemoteWebDriver.execute(RemoteWebDriver.java:618)
at org.openqa.selenium.remote.RemoteWebDriver.execute(RemoteWebDriver.java:622)
at org.openqa.selenium.remote.RemoteWebDriver$RemoteWebDriverOptions$RemoteWindow.maximize(RemoteWebDriver.java:1061)
at Temp_pack.Login.User01_email01_20hits(Login.java:22)
at java.base/jdk.internal.reflect.DirectMethodHandleAccessor.invoke(DirectMethodHandleAccessor.java:103)
at java.base/java.lang.reflect.Method.invoke(Method.java:580)
at org.testng.internal.MethodInvocationHelper.invokeMethod(MethodInvocationHelper.java:133)
at org.testng.internal.TestInvoker.invokeMethod(TestInvoker.java:598)
at org.testng.internal.TestInvoker.invokeTestMethod(TestInvoker.java:173)
at org.testng.internal.MethodRunner.runInSequence(MethodRunner.java:46)
at org.testng.internal.TestInvoker$MethodInvocationAgent.invoke(TestInvoker.java:824)
at org.testng.internal.TestInvoker.invokeTestMethods(TestInvoker.java:146)
at org.testng.internal.TestMethodWorker.invokeTestMethods(TestMethodWorker.java:146)
at org.testng.internal.TestMethodWorker.run(TestMethodWorker.java:128)
at java.base/java.util.ArrayList.forEach(ArrayList.java:1597)
at org.testng.TestRunner.privateRun(TestRunner.java:794)
at org.testng.TestRunner.run(TestRunner.java:596)
at org.testng.SuiteRunner.runTest(SuiteRunner.java:377)
at org.testng.SuiteRunner.runSequentially(SuiteRunner.java:371)
at org.testng.SuiteRunner.privateRun(SuiteRunner.java:332)
at org.testng.SuiteRunner.run(SuiteRunner.java:276)
at org.testng.SuiteRunnerWorker.runSuite(SuiteRunnerWorker.java:53)
at org.testng.SuiteRunnerWorker.run(SuiteRunnerWorker.java:96)
at org.testng.TestNG.runSuitesSequentially(TestNG.java:1212)
at org.testng.TestNG.runSuitesLocally(TestNG.java:1134)
at org.testng.TestNG.runSuites(TestNG.java:1063)
at org.testng.TestNG.run(TestNG.java:1031)
at org.testng.remote.AbstractRemoteTestNG.run(AbstractRemoteTestNG.java:115)
at org.testng.remote.RemoteTestNG.initAndRun(RemoteTestNG.java:293)
at org.testng.remote.RemoteTestNG.main(RemoteTestNG.java:91)
]]>
    </error>
  </testcase> <!-- User01_email01_20hits -->
  <system-out/>
  <testcase classname="Temp_pack.Login" name="User04_email04_20hits" time="55.990"/>
  <system-out/>
  <testcase classname="Temp_pack.Login" name="User01_email01_20hits" time="17.657"/>
  <system-out/>
  <testcase classname="Temp_pack.Login" name="User05_email05_20hits" time="43.540"/>
  <system-out/>
  <testcase classname="Temp_pack.Login" name="User03_email03_20hits" time="24.520"/>
  <system-out/>
  <testcase classname="Temp_pack.Login" name="User03_email03_20hits" time="33.056"/>
  <system-out/>
  <testcase classname="Temp_pack.Login" name="User03_email03_20hits" time="22.339"/>
  <system-out/>
  <testcase classname="Temp_pack.Login" name="User04_email04_20hits" time="23.890"/>
  <system-out/>
  <testcase classname="Temp_pack.Login" name="User03_email03_20hits" time="24.604"/>
  <system-out/>
  <testcase classname="Temp_pack.Login" name="User01_email01_20hits" time="25.257"/>
  <system-out/>
  <testcase classname="Temp_pack.Login" name="User01_email01_20hits" time="29.799"/>
  <system-out/>
  <testcase classname="Temp_pack.Login" name="User01_email01_20hits" time="21.144"/>
  <system-out/>
  <testcase classname="Temp_pack.Login" name="User01_email01_20hits" time="47.012"/>
  <system-out/>
  <testcase classname="Temp_pack.Login" name="User05_email05_20hits" time="39.410"/>
  <system-out/>
  <testcase classname="Temp_pack.Login" name="User03_email03_20hits" time="26.222"/>
  <system-out/>
  <testcase classname="Temp_pack.Login" name="User01_email01_20hits" time="24.329"/>
  <system-out/>
  <testcase classname="Temp_pack.Login" name="User05_email05_20hits" time="48.635"/>
  <system-out/>
  <testcase classname="Temp_pack.Login" name="User03_email03_20hits" time="29.345"/>
  <system-out/>
  <testcase classname="Temp_pack.Login" name="User01_email01_20hits" time="88.326"/>
  <system-out/>
  <testcase classname="Temp_pack.Login" name="User05_email05_20hits" time="25.549"/>
  <system-out/>
  <testcase classname="Temp_pack.Login" name="User01_email01_20hits" time="19.005"/>
  <system-out/>
  <testcase classname="Temp_pack.Login" name="User01_email01_20hits" time="33.866"/>
  <system-out/>
  <testcase classname="Temp_pack.Login" name="User03_email03_20hits" time="76.356"/>
  <system-out/>
  <testcase classname="Temp_pack.Login" name="User04_email04_20hits" time="62.386"/>
  <system-out/>
  <testcase classname="Temp_pack.Login" name="User04_email04_20hits" time="60.249"/>
  <system-out/>
  <testcase classname="Temp_pack.Login" name="User02_email02_20hits" time="159.591"/>
  <system-out/>
  <testcase classname="Temp_pack.Login" name="User05_email05_20hits" time="55.410"/>
  <system-out/>
  <testcase classname="Temp_pack.Login" name="User01_email01_20hits" time="30.158"/>
  <system-out/>
  <testcase classname="Temp_pack.Login" name="User03_email03_20hits" time="25.184"/>
  <system-out/>
  <testcase classname="Temp_pack.Login" name="User02_email02_20hits" time="26.884"/>
  <system-out/>
  <testcase classname="Temp_pack.Login" name="User04_email04_20hits" time="67.394"/>
  <system-out/>
  <testcase classname="Temp_pack.Login" name="User04_email04_20hits" time="58.233"/>
  <system-out/>
  <testcase classname="Temp_pack.Login" name="User05_email05_20hits" time="57.668"/>
  <system-out/>
  <testcase classname="Temp_pack.Login" name="User04_email04_20hits" time="80.642"/>
  <system-out/>
  <testcase classname="Temp_pack.Login" name="User05_email05_20hits" time="30.743"/>
  <system-out/>
  <testcase classname="Temp_pack.Login" name="User03_email03_20hits" time="101.546"/>
  <system-out/>
  <testcase classname="Temp_pack.Login" name="User04_email04_20hits" time="55.505"/>
  <system-out/>
  <testcase classname="Temp_pack.Login" name="User02_email02_20hits" time="79.144"/>
  <system-out/>
  <testcase classname="Temp_pack.Login" name="User05_email05_20hits" time="52.889"/>
  <system-out/>
  <testcase classname="Temp_pack.Login" name="User01_email01_20hits" time="24.240"/>
  <system-out/>
  <testcase classname="Temp_pack.Login" name="User04_email04_20hits" time="66.594"/>
  <system-out/>
  <testcase classname="Temp_pack.Login" name="User03_email03_20hits" time="28.268"/>
  <system-out/>
  <testcase classname="Temp_pack.Login" name="User04_email04_20hits" time="64.345"/>
  <system-out/>
  <testcase classname="Temp_pack.Login" name="User05_email05_20hits" time="66.129"/>
  <system-out/>
  <testcase classname="Temp_pack.Login" name="User02_email02_20hits" time="22.855"/>
  <system-out/>
  <testcase classname="Temp_pack.Login" name="User02_email02_20hits" time="34.970"/>
  <system-out/>
  <testcase classname="Temp_pack.Login" name="User02_email02_20hits" time="15.829"/>
  <system-out/>
  <testcase classname="Temp_pack.Login" name="User03_email03_20hits" time="27.408"/>
  <system-out/>
  <testcase classname="Temp_pack.Login" name="User01_email01_20hits" time="34.008"/>
  <system-out/>
  <testcase classname="Temp_pack.Login" name="User04_email04_20hits" time="55.994"/>
  <system-out/>
  <testcase classname="Temp_pack.Login" name="User05_email05_20hits" time="28.297"/>
  <system-out/>
  <testcase classname="Temp_pack.Login" name="User01_email01_20hits" time="24.128"/>
  <system-out/>
  <testcase classname="Temp_pack.Login" name="User05_email05_20hits" time="44.988"/>
  <system-out/>
  <testcase classname="Temp_pack.Login" name="User02_email02_20hits" time="114.165"/>
  <system-out/>
  <testcase classname="Temp_pack.Login" name="User02_email02_20hits" time="35.033"/>
  <system-out/>
  <testcase classname="Temp_pack.Login" name="User02_email02_20hits" time="43.886"/>
  <system-out/>
  <testcase classname="Temp_pack.Login" name="User04_email04_20hits" time="77.325"/>
  <system-out/>
  <testcase classname="Temp_pack.Login" name="User05_email05_20hits" time="45.747"/>
  <system-out/>
  <testcase classname="Temp_pack.Login" name="User01_email01_20hits" time="40.521"/>
  <system-out/>
  <testcase classname="Temp_pack.Login" name="User05_email05_20hits" time="59.384"/>
  <system-out/>
  <testcase classname="Temp_pack.Login" name="User01_email01_20hits" time="89.400"/>
  <system-out/>
  <testcase classname="Temp_pack.Login" name="User01_email01_20hits" time="22.636"/>
  <system-out/>
  <testcase classname="Temp_pack.Login" name="User05_email05_20hits" time="25.515"/>
  <system-out/>
  <testcase classname="Temp_pack.Login" name="User05_email05_20hits" time="28.925"/>
  <system-out/>
  <testcase classname="Temp_pack.Login" name="User04_email04_20hits" time="105.717"/>
  <system-out/>
  <testcase classname="Temp_pack.Login" name="User04_email04_20hits" time="55.632"/>
  <system-out/>
  <testcase classname="Temp_pack.Login" name="User02_email02_20hits" time="22.181"/>
  <system-out/>
  <testcase classname="Temp_pack.Login" name="User01_email01_20hits" time="26.117"/>
  <system-out/>
  <testcase classname="Temp_pack.Login" name="User01_email01_20hits" time="56.617"/>
  <system-out/>
  <testcase classname="Temp_pack.Login" name="User03_email03_20hits" time="101.853"/>
  <system-out/>
  <testcase classname="Temp_pack.Login" name="User04_email04_20hits" time="63.388"/>
  <system-out/>
  <testcase classname="Temp_pack.Login" name="User05_email05_20hits" time="56.440"/>
  <system-out/>
  <testcase classname="Temp_pack.Login" name="User05_email05_20hits" time="46.638"/>
  <system-out/>
  <testcase classname="Temp_pack.Login" name="User02_email02_20hits" time="33.473"/>
  <system-out/>
  <testcase classname="Temp_pack.Login" name="User05_email05_20hits" time="31.717"/>
  <system-out/>
  <testcase classname="Temp_pack.Login" name="User01_email01_20hits" time="28.192"/>
  <system-out/>
  <testcase classname="Temp_pack.Login" name="User05_email05_20hits" time="36.648"/>
  <system-out/>
  <testcase classname="Temp_pack.Login" name="User02_email02_20hits" time="36.949"/>
  <system-out/>
  <testcase classname="Temp_pack.Login" name="User01_email01_20hits" time="46.181"/>
  <system-out/>
  <testcase classname="Temp_pack.Login" name="User01_email01_20hits" time="19.499"/>
  <system-out/>
  <testcase classname="Temp_pack.Login" name="User02_email02_20hits" time="101.286">
    <error message="Expected condition failed: waiting for visibility of element located by By.xpath: //h4[normalize-space()=&#039;IN-1124-9095JB&#039;] (tried for 10 second(s) with 500 milliseconds interval)
Build info: version: &#039;4.25.0&#039;, revision: &#039;8a8aea2337&#039;
System info: os.name: &#039;Windows 11&#039;, os.arch: &#039;amd64&#039;, os.version: &#039;10.0&#039;, java.version: &#039;23&#039;
Driver info: org.openqa.selenium.chrome.ChromeDriver
Capabilities {acceptInsecureCerts: false, browserName: chrome, browserVersion: 130.0.6723.117, chrome: {chromedriverVersion: 130.0.6723.116 (6ac35f94ae3..., userDataDir: C:\Users\somes\AppData\Loca...}, fedcm:accounts: true, goog:chromeOptions: {debuggerAddress: localhost:55490}, networkConnectionEnabled: false, pageLoadStrategy: normal, platformName: windows, proxy: Proxy(), se:cdp: ws://localhost:55490/devtoo..., se:cdpVersion: 130.0.6723.117, setWindowRect: true, strictFileInteractability: false, timeouts: {implicit: 0, pageLoad: 300000, script: 30000}, unhandledPromptBehavior: dismiss and notify, webauthn:extension:credBlob: true, webauthn:extension:largeBlob: true, webauthn:extension:minPinLength: true, webauthn:extension:prf: true, webauthn:virtualAuthenticators: true}
Session ID: f011cf100d5b39bad7513b84aa52b0a6" type="org.openqa.selenium.TimeoutException">
      <![CDATA[org.openqa.selenium.TimeoutException: Expected condition failed: waiting for visibility of element located by By.xpath: //h4[normalize-space()='IN-1124-9095JB'] (tried for 10 second(s) with 500 milliseconds interval)
Build info: version: '4.25.0', revision: '8a8aea2337'
System info: os.name: 'Windows 11', os.arch: 'amd64', os.version: '10.0', java.version: '23'
Driver info: org.openqa.selenium.chrome.ChromeDriver
Capabilities {acceptInsecureCerts: false, browserName: chrome, browserVersion: 130.0.6723.117, chrome: {chromedriverVersion: 130.0.6723.116 (6ac35f94ae3..., userDataDir: C:\Users\somes\AppData\Loca...}, fedcm:accounts: true, goog:chromeOptions: {debuggerAddress: localhost:55490}, networkConnectionEnabled: false, pageLoadStrategy: normal, platformName: windows, proxy: Proxy(), se:cdp: ws://localhost:55490/devtoo..., se:cdpVersion: 130.0.6723.117, setWindowRect: true, strictFileInteractability: false, timeouts: {implicit: 0, pageLoad: 300000, script: 30000}, unhandledPromptBehavior: dismiss and notify, webauthn:extension:credBlob: true, webauthn:extension:largeBlob: true, webauthn:extension:minPinLength: true, webauthn:extension:prf: true, webauthn:virtualAuthenticators: true}
Session ID: f011cf100d5b39bad7513b84aa52b0a6
at org.openqa.selenium.support.ui.WebDriverWait.timeoutException(WebDriverWait.java:84)
at org.openqa.selenium.support.ui.FluentWait.until(FluentWait.java:228)
at Temp_pack.Login.User02_email02_20hits(Login.java:61)
at java.base/jdk.internal.reflect.DirectMethodHandleAccessor.invoke(DirectMethodHandleAccessor.java:103)
at java.base/java.lang.reflect.Method.invoke(Method.java:580)
at org.testng.internal.MethodInvocationHelper.invokeMethod(MethodInvocationHelper.java:133)
at org.testng.internal.TestInvoker.invokeMethod(TestInvoker.java:598)
at org.testng.internal.TestInvoker.invokeTestMethod(TestInvoker.java:173)
at org.testng.internal.MethodRunner.runInSequence(MethodRunner.java:46)
at org.testng.internal.TestInvoker$MethodInvocationAgent.invoke(TestInvoker.java:824)
at org.testng.internal.TestInvoker.invokeTestMethods(TestInvoker.java:146)
at org.testng.internal.TestMethodWorker.invokeTestMethods(TestMethodWorker.java:146)
at org.testng.internal.TestMethodWorker.run(TestMethodWorker.java:128)
at java.base/java.util.ArrayList.forEach(ArrayList.java:1597)
at org.testng.TestRunner.privateRun(TestRunner.java:794)
at org.testng.TestRunner.run(TestRunner.java:596)
at org.testng.SuiteRunner.runTest(SuiteRunner.java:377)
at org.testng.SuiteRunner.runSequentially(SuiteRunner.java:371)
at org.testng.SuiteRunner.privateRun(SuiteRunner.java:332)
at org.testng.SuiteRunner.run(SuiteRunner.java:276)
at org.testng.SuiteRunnerWorker.runSuite(SuiteRunnerWorker.java:53)
at org.testng.SuiteRunnerWorker.run(SuiteRunnerWorker.java:96)
at org.testng.TestNG.runSuitesSequentially(TestNG.java:1212)
at org.testng.TestNG.runSuitesLocally(TestNG.java:1134)
at org.testng.TestNG.runSuites(TestNG.java:1063)
at org.testng.TestNG.run(TestNG.java:1031)
at org.testng.remote.AbstractRemoteTestNG.run(AbstractRemoteTestNG.java:115)
at org.testng.remote.RemoteTestNG.initAndRun(RemoteTestNG.java:293)
at org.testng.remote.RemoteTestNG.main(RemoteTestNG.java:91)
]]>
    </error>
  </testcase> <!-- User02_email02_20hits -->
  <system-out/>
  <testcase classname="Temp_pack.Login" name="User01_email01_20hits" time="21.073"/>
  <system-out/>
  <testcase classname="Temp_pack.Login" name="User02_email02_20hits" time="27.708"/>
  <system-out/>
  <testcase classname="Temp_pack.Login" name="User03_email03_20hits" time="23.095"/>
  <system-out/>
  <testcase classname="Temp_pack.Login" name="User03_email03_20hits" time="28.673"/>
  <system-out/>
  <testcase classname="Temp_pack.Login" name="User01_email01_20hits" time="24.522"/>
  <system-out/>
  <testcase classname="Temp_pack.Login" name="User02_email02_20hits" time="20.479"/>
  <system-out/>
  <testcase classname="Temp_pack.Login" name="User02_email02_20hits" time="23.371"/>
  <system-out/>
  <testcase classname="Temp_pack.Login" name="User04_email04_20hits" time="50.954"/>
  <system-out/>
  <testcase classname="Temp_pack.Login" name="User03_email03_20hits" time="21.104"/>
  <system-out/>
  <testcase classname="Temp_pack.Login" name="User01_email01_20hits" time="31.980"/>
  <system-out/>
  <testcase classname="Temp_pack.Login" name="User01_email01_20hits" time="30.398"/>
  <system-out/>
  <testcase classname="Temp_pack.Login" name="User05_email05_20hits" time="40.758"/>
  <system-out/>
  <testcase classname="Temp_pack.Login" name="User04_email04_20hits" time="52.123"/>
  <system-out/>
  <testcase classname="Temp_pack.Login" name="User01_email01_20hits" time="97.141"/>
  <system-out/>
  <testcase classname="Temp_pack.Login" name="User04_email04_20hits" time="59.035"/>
  <system-out/>
  <testcase classname="Temp_pack.Login" name="User03_email03_20hits" time="98.723"/>
  <system-out/>
  <testcase classname="Temp_pack.Login" name="User05_email05_20hits" time="63.155"/>
  <system-out/>
  <testcase classname="Temp_pack.Login" name="User01_email01_20hits" time="165.858"/>
  <system-out/>
  <testcase classname="Temp_pack.Login" name="User04_email04_20hits" time="45.836"/>
  <system-out/>
  <testcase classname="Temp_pack.Login" name="User02_email02_20hits" time="77.303"/>
  <system-out/>
  <testcase classname="Temp_pack.Login" name="User02_email02_20hits" time="24.993"/>
  <system-out/>
  <testcase classname="Temp_pack.Login" name="User03_email03_20hits" time="24.107"/>
  <system-out/>
  <testcase classname="Temp_pack.Login" name="User03_email03_20hits" time="66.474"/>
  <system-out/>
  <testcase classname="Temp_pack.Login" name="User02_email02_20hits" time="31.396"/>
  <system-out/>
  <testcase classname="Temp_pack.Login" name="User04_email04_20hits" time="52.225"/>
  <system-out/>
  <testcase classname="Temp_pack.Login" name="User02_email02_20hits" time="28.235"/>
  <system-out/>
  <testcase classname="Temp_pack.Login" name="User04_email04_20hits" time="61.479"/>
  <system-out/>
  <testcase classname="Temp_pack.Login" name="User02_email02_20hits" time="129.303"/>
  <system-out/>
  <testcase classname="Temp_pack.Login" name="User04_email04_20hits" time="57.771"/>
  <system-out/>
  <testcase classname="Temp_pack.Login" name="User02_email02_20hits" time="21.691"/>
  <system-out/>
  <testcase classname="Temp_pack.Login" name="User02_email02_20hits" time="30.241"/>
  <system-out/>
  <testcase classname="Temp_pack.Login" name="User03_email03_20hits" time="82.746"/>
  <system-out/>
  <testcase classname="Temp_pack.Login" name="User04_email04_20hits" time="56.634"/>
  <system-out/>
  <testcase classname="Temp_pack.Login" name="User03_email03_20hits" time="98.143"/>
  <system-out/>
  <testcase classname="Temp_pack.Login" name="User05_email05_20hits" time="29.783"/>
  <system-out/>
  <testcase classname="Temp_pack.Login" name="User01_email01_20hits" time="20.648"/>
  <system-out/>
  <testcase classname="Temp_pack.Login" name="User03_email03_20hits" time="27.256"/>
  <system-out/>
  <testcase classname="Temp_pack.Login" name="User03_email03_20hits" time="27.053"/>
  <system-out/>
  <testcase classname="Temp_pack.Login" name="User01_email01_20hits" time="34.852"/>
  <system-out/>
  <testcase classname="Temp_pack.Login" name="User05_email05_20hits" time="33.720"/>
  <system-out/>
  <testcase classname="Temp_pack.Login" name="User05_email05_20hits" time="82.297"/>
  <system-out/>
  <testcase classname="Temp_pack.Login" name="User05_email05_20hits" time="52.321"/>
  <system-out/>
  <testcase classname="Temp_pack.Login" name="User01_email01_20hits" time="18.659"/>
  <system-out/>
  <testcase classname="Temp_pack.Login" name="User02_email02_20hits" time="22.069"/>
  <system-out/>
  <testcase classname="Temp_pack.Login" name="User02_email02_20hits" time="24.545"/>
  <system-out/>
  <testcase classname="Temp_pack.Login" name="User01_email01_20hits" time="41.189"/>
  <system-out/>
  <testcase classname="Temp_pack.Login" name="User04_email04_20hits" time="46.811"/>
  <system-out/>
  <testcase classname="Temp_pack.Login" name="User02_email02_20hits" time="126.772"/>
  <system-out/>
  <testcase classname="Temp_pack.Login" name="User01_email01_20hits" time="50.388"/>
  <system-out/>
  <testcase classname="Temp_pack.Login" name="User02_email02_20hits" time="32.073"/>
  <system-out/>
  <testcase classname="Temp_pack.Login" name="User02_email02_20hits" time="21.371"/>
  <system-out/>
  <testcase classname="Temp_pack.Login" name="User04_email04_20hits" time="25.311"/>
  <system-out/>
  <testcase classname="Temp_pack.Login" name="User03_email03_20hits" time="25.485"/>
  <system-out/>
  <testcase classname="Temp_pack.Login" name="User04_email04_20hits" time="49.316"/>
  <system-out/>
  <testcase classname="Temp_pack.Login" name="User04_email04_20hits" time="72.925"/>
  <system-out/>
  <testcase classname="Temp_pack.Login" name="User05_email05_20hits" time="47.879"/>
  <system-out/>
  <testcase classname="Temp_pack.Login" name="User05_email05_20hits" time="63.181"/>
  <system-out/>
  <testcase classname="Temp_pack.Login" name="User05_email05_20hits" time="64.533"/>
  <system-out/>
  <testcase classname="Temp_pack.Login" name="User01_email01_20hits" time="75.983"/>
  <system-out/>
  <testcase classname="Temp_pack.Login" name="User01_email01_20hits" time="18.009"/>
  <system-out/>
  <testcase classname="Temp_pack.Login" name="User03_email03_20hits" time="27.613"/>
  <system-out/>
  <testcase classname="Temp_pack.Login" name="User04_email04_20hits" time="62.508"/>
  <system-out/>
  <testcase classname="Temp_pack.Login" name="User03_email03_20hits" time="24.610"/>
  <system-out/>
  <testcase classname="Temp_pack.Login" name="User02_email02_20hits" time="93.710"/>
  <system-out/>
  <testcase classname="Temp_pack.Login" name="User02_email02_20hits" time="23.378"/>
  <system-out/>
  <testcase classname="Temp_pack.Login" name="User02_email02_20hits" time="24.161"/>
  <system-out/>
  <testcase classname="Temp_pack.Login" name="User04_email04_20hits" time="65.498"/>
  <system-out/>
  <testcase classname="Temp_pack.Login" name="User02_email02_20hits" time="139.286"/>
  <system-out/>
  <testcase classname="Temp_pack.Login" name="User03_email03_20hits" time="94.641"/>
  <system-out/>
  <testcase classname="Temp_pack.Login" name="User03_email03_20hits" time="24.311"/>
  <system-out/>
  <testcase classname="Temp_pack.Login" name="User05_email05_20hits" time="133.690"/>
  <system-out/>
  <testcase classname="Temp_pack.Login" name="User05_email05_20hits" time="43.951"/>
  <system-out/>
  <testcase classname="Temp_pack.Login" name="User03_email03_20hits" time="23.703"/>
  <system-out/>
  <testcase classname="Temp_pack.Login" name="User01_email01_20hits" time="41.493"/>
  <system-out/>
  <testcase classname="Temp_pack.Login" name="User02_email02_20hits" time="29.772"/>
  <system-out/>
  <testcase classname="Temp_pack.Login" name="User01_email01_20hits" time="21.436"/>
  <system-out/>
  <testcase classname="Temp_pack.Login" name="User05_email05_20hits" time="31.727"/>
  <system-out/>
  <testcase classname="Temp_pack.Login" name="User03_email03_20hits" time="41.040"/>
  <system-out/>
  <testcase classname="Temp_pack.Login" name="User02_email02_20hits" time="86.444"/>
  <system-out/>
  <testcase classname="Temp_pack.Login" name="User03_email03_20hits" time="26.901"/>
  <system-out/>
  <testcase classname="Temp_pack.Login" name="User04_email04_20hits" time="67.985"/>
  <system-out/>
  <testcase classname="Temp_pack.Login" name="User05_email05_20hits" time="22.123"/>
  <system-out/>
  <testcase classname="Temp_pack.Login" name="User02_email02_20hits" time="68.949"/>
  <system-out/>
  <testcase classname="Temp_pack.Login" name="User01_email01_20hits" time="97.126"/>
  <system-out/>
  <testcase classname="Temp_pack.Login" name="User01_email01_20hits" time="24.440"/>
  <system-out/>
  <testcase classname="Temp_pack.Login" name="User05_email05_20hits" time="62.162"/>
  <system-out/>
  <testcase classname="Temp_pack.Login" name="User04_email04_20hits" time="105.613"/>
  <system-out/>
  <testcase classname="Temp_pack.Login" name="User05_email05_20hits" time="67.405"/>
  <system-out/>
  <testcase classname="Temp_pack.Login" name="User02_email02_20hits" time="26.696"/>
  <system-out/>
  <testcase classname="Temp_pack.Login" name="User01_email01_20hits" time="102.928"/>
  <system-out/>
  <testcase classname="Temp_pack.Login" name="User05_email05_20hits" time="39.273"/>
  <system-out/>
  <testcase classname="Temp_pack.Login" name="User05_email05_20hits" time="51.210"/>
  <system-out/>
  <testcase classname="Temp_pack.Login" name="User04_email04_20hits" time="53.530"/>
  <system-out/>
  <testcase classname="Temp_pack.Login" name="User03_email03_20hits" time="32.314"/>
  <system-out/>
  <testcase classname="Temp_pack.Login" name="User05_email05_20hits" time="83.655"/>
  <system-out/>
  <testcase classname="Temp_pack.Login" name="User04_email04_20hits" time="62.242"/>
  <system-out/>
  <testcase classname="Temp_pack.Login" name="User03_email03_20hits" time="105.851"/>
  <system-out/>
  <testcase classname="Temp_pack.Login" name="User05_email05_20hits" time="68.708"/>
  <system-out/>
  <testcase classname="Temp_pack.Login" name="User01_email01_20hits" time="19.939"/>
  <system-out/>
  <testcase classname="Temp_pack.Login" name="User02_email02_20hits" time="90.963"/>
  <system-out/>
  <testcase classname="Temp_pack.Login" name="User02_email02_20hits" time="173.990"/>
  <system-out/>
  <testcase classname="Temp_pack.Login" name="User01_email01_20hits" time="24.825"/>
  <system-out/>
  <testcase classname="Temp_pack.Login" name="User01_email01_20hits" time="19.758"/>
  <system-out/>
  <testcase classname="Temp_pack.Login" name="User02_email02_20hits" time="22.959"/>
  <system-out/>
  <testcase classname="Temp_pack.Login" name="User03_email03_20hits" time="23.522"/>
  <system-out/>
  <testcase classname="Temp_pack.Login" name="User04_email04_20hits" time="72.198"/>
  <system-out/>
  <testcase classname="Temp_pack.Login" name="User05_email05_20hits" time="64.379"/>
  <system-out/>
  <testcase classname="Temp_pack.Login" name="User05_email05_20hits" time="60.016"/>
  <system-out/>
  <testcase classname="Temp_pack.Login" name="User03_email03_20hits" time="26.657"/>
  <system-out/>
  <testcase classname="Temp_pack.Login" name="User04_email04_20hits" time="53.141"/>
  <system-out/>
  <testcase classname="Temp_pack.Login" name="User04_email04_20hits" time="58.127"/>
  <system-out/>
  <testcase classname="Temp_pack.Login" name="User02_email02_20hits" time="22.019"/>
  <system-out/>
  <testcase classname="Temp_pack.Login" name="User02_email02_20hits" time="22.862"/>
  <system-out/>
  <testcase classname="Temp_pack.Login" name="User01_email01_20hits" time="23.505"/>
  <system-out/>
  <testcase classname="Temp_pack.Login" name="User04_email04_20hits" time="116.763"/>
  <system-out/>
  <testcase classname="Temp_pack.Login" name="User03_email03_20hits" time="30.063"/>
  <system-out/>
  <testcase classname="Temp_pack.Login" name="User01_email01_20hits" time="44.786"/>
  <system-out/>
  <testcase classname="Temp_pack.Login" name="User02_email02_20hits" time="109.064">
    <error message="Expected condition failed: waiting for visibility of element located by By.xpath: //h4[normalize-space()=&#039;IN-1124-9095JB&#039;] (tried for 10 second(s) with 500 milliseconds interval)
Build info: version: &#039;4.25.0&#039;, revision: &#039;8a8aea2337&#039;
System info: os.name: &#039;Windows 11&#039;, os.arch: &#039;amd64&#039;, os.version: &#039;10.0&#039;, java.version: &#039;23&#039;
Driver info: org.openqa.selenium.chrome.ChromeDriver
Capabilities {acceptInsecureCerts: false, browserName: chrome, browserVersion: 130.0.6723.117, chrome: {chromedriverVersion: 130.0.6723.116 (6ac35f94ae3..., userDataDir: C:\Users\somes\AppData\Loca...}, fedcm:accounts: true, goog:chromeOptions: {debuggerAddress: localhost:55419}, networkConnectionEnabled: false, pageLoadStrategy: normal, platformName: windows, proxy: Proxy(), se:cdp: ws://localhost:55419/devtoo..., se:cdpVersion: 130.0.6723.117, setWindowRect: true, strictFileInteractability: false, timeouts: {implicit: 0, pageLoad: 300000, script: 30000}, unhandledPromptBehavior: dismiss and notify, webauthn:extension:credBlob: true, webauthn:extension:largeBlob: true, webauthn:extension:minPinLength: true, webauthn:extension:prf: true, webauthn:virtualAuthenticators: true}
Session ID: 8d15638ad0b23a4c07d73bc8b7bb439a" type="org.openqa.selenium.TimeoutException">
      <![CDATA[org.openqa.selenium.TimeoutException: Expected condition failed: waiting for visibility of element located by By.xpath: //h4[normalize-space()='IN-1124-9095JB'] (tried for 10 second(s) with 500 milliseconds interval)
Build info: version: '4.25.0', revision: '8a8aea2337'
System info: os.name: 'Windows 11', os.arch: 'amd64', os.version: '10.0', java.version: '23'
Driver info: org.openqa.selenium.chrome.ChromeDriver
Capabilities {acceptInsecureCerts: false, browserName: chrome, browserVersion: 130.0.6723.117, chrome: {chromedriverVersion: 130.0.6723.116 (6ac35f94ae3..., userDataDir: C:\Users\somes\AppData\Loca...}, fedcm:accounts: true, goog:chromeOptions: {debuggerAddress: localhost:55419}, networkConnectionEnabled: false, pageLoadStrategy: normal, platformName: windows, proxy: Proxy(), se:cdp: ws://localhost:55419/devtoo..., se:cdpVersion: 130.0.6723.117, setWindowRect: true, strictFileInteractability: false, timeouts: {implicit: 0, pageLoad: 300000, script: 30000}, unhandledPromptBehavior: dismiss and notify, webauthn:extension:credBlob: true, webauthn:extension:largeBlob: true, webauthn:extension:minPinLength: true, webauthn:extension:prf: true, webauthn:virtualAuthenticators: true}
Session ID: 8d15638ad0b23a4c07d73bc8b7bb439a
at org.openqa.selenium.support.ui.WebDriverWait.timeoutException(WebDriverWait.java:84)
at org.openqa.selenium.support.ui.FluentWait.until(FluentWait.java:228)
at Temp_pack.Login.User02_email02_20hits(Login.java:61)
at java.base/jdk.internal.reflect.DirectMethodHandleAccessor.invoke(DirectMethodHandleAccessor.java:103)
at java.base/java.lang.reflect.Method.invoke(Method.java:580)
at org.testng.internal.MethodInvocationHelper.invokeMethod(MethodInvocationHelper.java:133)
at org.testng.internal.TestInvoker.invokeMethod(TestInvoker.java:598)
at org.testng.internal.TestInvoker.invokeTestMethod(TestInvoker.java:173)
at org.testng.internal.MethodRunner.runInSequence(MethodRunner.java:46)
at org.testng.internal.TestInvoker$MethodInvocationAgent.invoke(TestInvoker.java:824)
at org.testng.internal.TestInvoker.invokeTestMethods(TestInvoker.java:146)
at org.testng.internal.TestMethodWorker.invokeTestMethods(TestMethodWorker.java:146)
at org.testng.internal.TestMethodWorker.run(TestMethodWorker.java:128)
at java.base/java.util.ArrayList.forEach(ArrayList.java:1597)
at org.testng.TestRunner.privateRun(TestRunner.java:794)
at org.testng.TestRunner.run(TestRunner.java:596)
at org.testng.SuiteRunner.runTest(SuiteRunner.java:377)
at org.testng.SuiteRunner.runSequentially(SuiteRunner.java:371)
at org.testng.SuiteRunner.privateRun(SuiteRunner.java:332)
at org.testng.SuiteRunner.run(SuiteRunner.java:276)
at org.testng.SuiteRunnerWorker.runSuite(SuiteRunnerWorker.java:53)
at org.testng.SuiteRunnerWorker.run(SuiteRunnerWorker.java:96)
at org.testng.TestNG.runSuitesSequentially(TestNG.java:1212)
at org.testng.TestNG.runSuitesLocally(TestNG.java:1134)
at org.testng.TestNG.runSuites(TestNG.java:1063)
at org.testng.TestNG.run(TestNG.java:1031)
at org.testng.remote.AbstractRemoteTestNG.run(AbstractRemoteTestNG.java:115)
at org.testng.remote.RemoteTestNG.initAndRun(RemoteTestNG.java:293)
at org.testng.remote.RemoteTestNG.main(RemoteTestNG.java:91)
]]>
    </error>
  </testcase> <!-- User02_email02_20hits -->
  <system-out/>
  <testcase classname="Temp_pack.Login" name="User05_email05_20hits" time="54.258"/>
  <system-out/>
  <testcase classname="Temp_pack.Login" name="User04_email04_20hits" time="50.234"/>
  <system-out/>
  <testcase classname="Temp_pack.Login" name="User04_email04_20hits" time="56.855"/>
  <system-out/>
  <testcase classname="Temp_pack.Login" name="User03_email03_20hits" time="26.668"/>
  <system-out/>
  <testcase classname="Temp_pack.Login" name="User02_email02_20hits" time="95.121"/>
  <system-out/>
  <testcase classname="Temp_pack.Login" name="User04_email04_20hits" time="67.508"/>
  <system-out/>
  <testcase classname="Temp_pack.Login" name="User03_email03_20hits" time="87.481"/>
  <system-out/>
  <testcase classname="Temp_pack.Login" name="User03_email03_20hits" time="66.003"/>
  <system-out/>
  <testcase classname="Temp_pack.Login" name="User02_email02_20hits" time="24.207"/>
  <system-out/>
  <testcase classname="Temp_pack.Login" name="User02_email02_20hits" time="23.639"/>
  <system-out/>
  <testcase classname="Temp_pack.Login" name="User05_email05_20hits" time="25.350"/>
  <system-out/>
  <testcase classname="Temp_pack.Login" name="User04_email04_20hits" time="72.872"/>
  <system-out/>
  <testcase classname="Temp_pack.Login" name="User04_email04_20hits" time="41.876"/>
  <system-out/>
  <testcase classname="Temp_pack.Login" name="User03_email03_20hits" time="22.800"/>
  <system-out/>
  <testcase classname="Temp_pack.Login" name="User03_email03_20hits" time="22.409"/>
  <system-out/>
  <testcase classname="Temp_pack.Login" name="User04_email04_20hits" time="49.322"/>
  <system-out/>
  <testcase classname="Temp_pack.Login" name="User02_email02_20hits" time="24.098"/>
  <system-out/>
  <testcase classname="Temp_pack.Login" name="User02_email02_20hits" time="20.374"/>
  <system-out/>
  <testcase classname="Temp_pack.Login" name="User04_email04_20hits" time="80.532"/>
  <system-out/>
  <testcase classname="Temp_pack.Login" name="User02_email02_20hits" time="25.138"/>
  <system-out/>
  <testcase classname="Temp_pack.Login" name="User03_email03_20hits" time="26.766"/>
  <system-out/>
  <testcase classname="Temp_pack.Login" name="User01_email01_20hits" time="31.035"/>
  <system-out/>
  <testcase classname="Temp_pack.Login" name="User02_email02_20hits" time="22.616"/>
  <system-out/>
  <testcase classname="Temp_pack.Login" name="User05_email05_20hits" time="23.136"/>
  <system-out/>
  <testcase classname="Temp_pack.Login" name="User05_email05_20hits" time="61.227"/>
  <system-out/>
  <testcase classname="Temp_pack.Login" name="User02_email02_20hits" time="22.565"/>
  <system-out/>
  <testcase classname="Temp_pack.Login" name="User01_email01_20hits" time="25.470"/>
  <system-out/>
  <testcase classname="Temp_pack.Login" name="User02_email02_20hits" time="156.837"/>
  <system-out/>
  <testcase classname="Temp_pack.Login" name="User04_email04_20hits" time="33.847"/>
  <system-out/>
  <testcase classname="Temp_pack.Login" name="User01_email01_20hits" time="45.886">
    <error message="Expected condition failed: waiting for visibility of element located by By.xpath: //h4[normalize-space()=&#039;IN-0924-9071LK&#039;] (tried for 10 second(s) with 500 milliseconds interval)
Build info: version: &#039;4.25.0&#039;, revision: &#039;8a8aea2337&#039;
System info: os.name: &#039;Windows 11&#039;, os.arch: &#039;amd64&#039;, os.version: &#039;10.0&#039;, java.version: &#039;23&#039;
Driver info: org.openqa.selenium.chrome.ChromeDriver
Capabilities {acceptInsecureCerts: false, browserName: chrome, browserVersion: 130.0.6723.117, chrome: {chromedriverVersion: 130.0.6723.116 (6ac35f94ae3..., userDataDir: C:\Users\somes\AppData\Loca...}, fedcm:accounts: true, goog:chromeOptions: {debuggerAddress: localhost:51732}, networkConnectionEnabled: false, pageLoadStrategy: normal, platformName: windows, proxy: Proxy(), se:cdp: ws://localhost:51732/devtoo..., se:cdpVersion: 130.0.6723.117, setWindowRect: true, strictFileInteractability: false, timeouts: {implicit: 0, pageLoad: 300000, script: 30000}, unhandledPromptBehavior: dismiss and notify, webauthn:extension:credBlob: true, webauthn:extension:largeBlob: true, webauthn:extension:minPinLength: true, webauthn:extension:prf: true, webauthn:virtualAuthenticators: true}
Session ID: 214b71b034bda8bd62d92aa3998d4dda" type="org.openqa.selenium.TimeoutException">
      <![CDATA[org.openqa.selenium.TimeoutException: Expected condition failed: waiting for visibility of element located by By.xpath: //h4[normalize-space()='IN-0924-9071LK'] (tried for 10 second(s) with 500 milliseconds interval)
Build info: version: '4.25.0', revision: '8a8aea2337'
System info: os.name: 'Windows 11', os.arch: 'amd64', os.version: '10.0', java.version: '23'
Driver info: org.openqa.selenium.chrome.ChromeDriver
Capabilities {acceptInsecureCerts: false, browserName: chrome, browserVersion: 130.0.6723.117, chrome: {chromedriverVersion: 130.0.6723.116 (6ac35f94ae3..., userDataDir: C:\Users\somes\AppData\Loca...}, fedcm:accounts: true, goog:chromeOptions: {debuggerAddress: localhost:51732}, networkConnectionEnabled: false, pageLoadStrategy: normal, platformName: windows, proxy: Proxy(), se:cdp: ws://localhost:51732/devtoo..., se:cdpVersion: 130.0.6723.117, setWindowRect: true, strictFileInteractability: false, timeouts: {implicit: 0, pageLoad: 300000, script: 30000}, unhandledPromptBehavior: dismiss and notify, webauthn:extension:credBlob: true, webauthn:extension:largeBlob: true, webauthn:extension:minPinLength: true, webauthn:extension:prf: true, webauthn:virtualAuthenticators: true}
Session ID: 214b71b034bda8bd62d92aa3998d4dda
at org.openqa.selenium.support.ui.WebDriverWait.timeoutException(WebDriverWait.java:84)
at org.openqa.selenium.support.ui.FluentWait.until(FluentWait.java:228)
at Temp_pack.Login.User01_email01_20hits(Login.java:32)
at java.base/jdk.internal.reflect.DirectMethodHandleAccessor.invoke(DirectMethodHandleAccessor.java:103)
at java.base/java.lang.reflect.Method.invoke(Method.java:580)
at org.testng.internal.MethodInvocationHelper.invokeMethod(MethodInvocationHelper.java:133)
at org.testng.internal.TestInvoker.invokeMethod(TestInvoker.java:598)
at org.testng.internal.TestInvoker.invokeTestMethod(TestInvoker.java:173)
at org.testng.internal.MethodRunner.runInSequence(MethodRunner.java:46)
at org.testng.internal.TestInvoker$MethodInvocationAgent.invoke(TestInvoker.java:824)
at org.testng.internal.TestInvoker.invokeTestMethods(TestInvoker.java:146)
at org.testng.internal.TestMethodWorker.invokeTestMethods(TestMethodWorker.java:146)
at org.testng.internal.TestMethodWorker.run(TestMethodWorker.java:128)
at java.base/java.util.ArrayList.forEach(ArrayList.java:1597)
at org.testng.TestRunner.privateRun(TestRunner.java:794)
at org.testng.TestRunner.run(TestRunner.java:596)
at org.testng.SuiteRunner.runTest(SuiteRunner.java:377)
at org.testng.SuiteRunner.runSequentially(SuiteRunner.java:371)
at org.testng.SuiteRunner.privateRun(SuiteRunner.java:332)
at org.testng.SuiteRunner.run(SuiteRunner.java:276)
at org.testng.SuiteRunnerWorker.runSuite(SuiteRunnerWorker.java:53)
at org.testng.SuiteRunnerWorker.run(SuiteRunnerWorker.java:96)
at org.testng.TestNG.runSuitesSequentially(TestNG.java:1212)
at org.testng.TestNG.runSuitesLocally(TestNG.java:1134)
at org.testng.TestNG.runSuites(TestNG.java:1063)
at org.testng.TestNG.run(TestNG.java:1031)
at org.testng.remote.AbstractRemoteTestNG.run(AbstractRemoteTestNG.java:115)
at org.testng.remote.RemoteTestNG.initAndRun(RemoteTestNG.java:293)
at org.testng.remote.RemoteTestNG.main(RemoteTestNG.java:91)
]]>
    </error>
  </testcase> <!-- User01_email01_20hits -->
  <system-out/>
  <testcase classname="Temp_pack.Login" name="User03_email03_20hits" time="25.634"/>
  <system-out/>
  <testcase classname="Temp_pack.Login" name="User04_email04_20hits" time="70.511"/>
  <system-out/>
  <testcase classname="Temp_pack.Login" name="User05_email05_20hits" time="27.064"/>
  <system-out/>
  <testcase classname="Temp_pack.Login" name="User02_email02_20hits" time="31.126"/>
  <system-out/>
  <testcase classname="Temp_pack.Login" name="User02_email02_20hits" time="32.562"/>
  <system-out/>
  <testcase classname="Temp_pack.Login" name="User04_email04_20hits" time="48.360"/>
  <system-out/>
  <testcase classname="Temp_pack.Login" name="User05_email05_20hits" time="47.560"/>
  <system-out/>
  <testcase classname="Temp_pack.Login" name="User03_email03_20hits" time="28.220"/>
  <system-out/>
  <testcase classname="Temp_pack.Login" name="User02_email02_20hits" time="23.665"/>
  <system-out/>
  <testcase classname="Temp_pack.Login" name="User04_email04_20hits" time="48.719"/>
  <system-out/>
  <testcase classname="Temp_pack.Login" name="User05_email05_20hits" time="23.849"/>
  <system-out/>
  <testcase classname="Temp_pack.Login" name="User05_email05_20hits" time="52.748"/>
  <system-out/>
  <testcase classname="Temp_pack.Login" name="User04_email04_20hits" time="24.291"/>
  <system-out/>
</testsuite> <!-- Temp_pack.Login -->
